
181229 22:39:59 [Warning] Using unique option prefix myisam-recover instead of myisam-recover-options is deprecated and will be removed in a future release. Please use the full name instead.
181229 22:39:59 [Note] Plugin 'FEDERATED' is disabled.
181229 22:39:59 InnoDB: The InnoDB memory heap is disabled
181229 22:39:59 InnoDB: Mutexes and rw_locks use GCC atomic builtins
181229 22:39:59 InnoDB: Compressed tables use zlib 1.2.8
181229 22:39:59 InnoDB: Using Linux native AIO
181229 22:39:59 InnoDB: Initializing buffer pool, size = 32.0M
181229 22:39:59 InnoDB: Completed initialization of buffer pool
181229 22:39:59 InnoDB: highest supported file format is Barracuda.
InnoDB: The log sequence number in ibdata files does not match
InnoDB: the log sequence number in the ib_logfiles!
181229 22:39:59  InnoDB: Database was not shut down normally!
InnoDB: Starting crash recovery.
InnoDB: Reading tablespace information from the .ibd files...
InnoDB: Restoring possible half-written data pages from the doublewrite
InnoDB: buffer...
181229 22:40:00  InnoDB: Waiting for the background threads to start
181229 22:40:01 InnoDB: 5.5.60 started; log sequence number 1595916
181229 22:40:01 [Note] Server hostname (bind-address): '0.0.0.0'; port: 3306
181229 22:40:01 [Note]   - '0.0.0.0' resolves to '0.0.0.0';
181229 22:40:01 [Note] Server socket created on IP: '0.0.0.0'.
181229 22:40:01 [ERROR] /usr/sbin/mysqld: Table './mysql/user' is marked as crashed and should be repaired
181229 22:40:01 [Warning] Checking table:   './mysql/user'
181229 22:40:01 [ERROR] 1 client is using or hasn't closed the table properly
181229 22:40:01 [Note] Event Scheduler: Loaded 0 events
181229 22:40:01 [Note] /usr/sbin/mysqld: ready for connections.
Version: '5.5.60-0+deb8u1'  socket: '/var/run/mysqld/mysqld.sock'  port: 3306  (Debian)
