[18-Jan-2019 07:20:12 UTC] PHP Fatal error:  Uncaught Error: Call to undefined function __e() in /app/public/wp-content/themes/mytheme/404.php:6
Stack trace:
#0 /app/public/wp-includes/template-loader.php(74): include()
#1 /app/public/wp-blog-header.php(19): require_once('/app/public/wp-...')
#2 /app/public/index.php(17): require('/app/public/wp-...')
#3 {main}
  thrown in /app/public/wp-content/themes/mytheme/404.php on line 6
[18-Jan-2019 07:20:12 UTC] PHP Fatal error:  Uncaught Error: Call to undefined function __e() in /app/public/wp-content/themes/mytheme/404.php:6
Stack trace:
#0 /app/public/wp-includes/template-loader.php(74): include()
#1 /app/public/wp-blog-header.php(19): require_once('/app/public/wp-...')
#2 /app/public/index.php(17): require('/app/public/wp-...')
#3 {main}
  thrown in /app/public/wp-content/themes/mytheme/404.php on line 6
[18-Jan-2019 07:20:12 UTC] PHP Fatal error:  Uncaught Error: Call to undefined function __e() in /app/public/wp-content/themes/mytheme/404.php:6
Stack trace:
#0 /app/public/wp-includes/template-loader.php(74): include()
#1 /app/public/wp-blog-header.php(19): require_once('/app/public/wp-...')
#2 /app/public/index.php(17): require('/app/public/wp-...')
#3 {main}
  thrown in /app/public/wp-content/themes/mytheme/404.php on line 6
[18-Jan-2019 07:20:36 UTC] PHP Fatal error:  Uncaught Error: Call to undefined function __e() in /app/public/wp-content/themes/mytheme/404.php:6
Stack trace:
#0 /app/public/wp-includes/template-loader.php(74): include()
#1 /app/public/wp-blog-header.php(19): require_once('/app/public/wp-...')
#2 /app/public/index.php(17): require('/app/public/wp-...')
#3 {main}
  thrown in /app/public/wp-content/themes/mytheme/404.php on line 6
[18-Jan-2019 07:20:36 UTC] PHP Fatal error:  Uncaught Error: Call to undefined function __e() in /app/public/wp-content/themes/mytheme/404.php:6
Stack trace:
#0 /app/public/wp-includes/template-loader.php(74): include()
#1 /app/public/wp-blog-header.php(19): require_once('/app/public/wp-...')
#2 /app/public/index.php(17): require('/app/public/wp-...')
#3 {main}
  thrown in /app/public/wp-content/themes/mytheme/404.php on line 6
[18-Jan-2019 07:20:36 UTC] PHP Fatal error:  Uncaught Error: Call to undefined function __e() in /app/public/wp-content/themes/mytheme/404.php:6
Stack trace:
#0 /app/public/wp-includes/template-loader.php(74): include()
#1 /app/public/wp-blog-header.php(19): require_once('/app/public/wp-...')
#2 /app/public/index.php(17): require('/app/public/wp-...')
#3 {main}
  thrown in /app/public/wp-content/themes/mytheme/404.php on line 6
[18-Jan-2019 07:49:26 UTC] PHP Fatal error:  Uncaught Error: Call to undefined function __e() in /app/public/wp-content/themes/mytheme/404.php:6
Stack trace:
#0 /app/public/wp-includes/template-loader.php(74): include()
#1 /app/public/wp-blog-header.php(19): require_once('/app/public/wp-...')
#2 /app/public/index.php(17): require('/app/public/wp-...')
#3 {main}
  thrown in /app/public/wp-content/themes/mytheme/404.php on line 6
[18-Jan-2019 07:49:26 UTC] PHP Fatal error:  Uncaught Error: Call to undefined function __e() in /app/public/wp-content/themes/mytheme/404.php:6
Stack trace:
#0 /app/public/wp-includes/template-loader.php(74): include()
#1 /app/public/wp-blog-header.php(19): require_once('/app/public/wp-...')
#2 /app/public/index.php(17): require('/app/public/wp-...')
#3 {main}
  thrown in /app/public/wp-content/themes/mytheme/404.php on line 6
[18-Jan-2019 07:49:26 UTC] PHP Fatal error:  Uncaught Error: Call to undefined function __e() in /app/public/wp-content/themes/mytheme/404.php:6
Stack trace:
#0 /app/public/wp-includes/template-loader.php(74): include()
#1 /app/public/wp-blog-header.php(19): require_once('/app/public/wp-...')
#2 /app/public/index.php(17): require('/app/public/wp-...')
#3 {main}
  thrown in /app/public/wp-content/themes/mytheme/404.php on line 6
[18-Jan-2019 07:50:46 UTC] PHP Fatal error:  Uncaught Error: Call to undefined function __e() in /app/public/wp-content/themes/mytheme/404.php:6
Stack trace:
#0 /app/public/wp-includes/template-loader.php(74): include()
#1 /app/public/wp-blog-header.php(19): require_once('/app/public/wp-...')
#2 /app/public/index.php(17): require('/app/public/wp-...')
#3 {main}
  thrown in /app/public/wp-content/themes/mytheme/404.php on line 6
[18-Jan-2019 07:50:46 UTC] PHP Fatal error:  Uncaught Error: Call to undefined function __e() in /app/public/wp-content/themes/mytheme/404.php:6
Stack trace:
#0 /app/public/wp-includes/template-loader.php(74): include()
#1 /app/public/wp-blog-header.php(19): require_once('/app/public/wp-...')
#2 /app/public/index.php(17): require('/app/public/wp-...')
#3 {main}
  thrown in /app/public/wp-content/themes/mytheme/404.php on line 6
[18-Jan-2019 07:50:46 UTC] PHP Fatal error:  Uncaught Error: Call to undefined function __e() in /app/public/wp-content/themes/mytheme/404.php:6
Stack trace:
#0 /app/public/wp-includes/template-loader.php(74): include()
#1 /app/public/wp-blog-header.php(19): require_once('/app/public/wp-...')
#2 /app/public/index.php(17): require('/app/public/wp-...')
#3 {main}
  thrown in /app/public/wp-content/themes/mytheme/404.php on line 6
[18-Jan-2019 07:52:41 UTC] PHP Fatal error:  Uncaught Error: Call to undefined function __e() in /app/public/wp-content/themes/mytheme/404.php:6
Stack trace:
#0 /app/public/wp-includes/template-loader.php(74): include()
#1 /app/public/wp-blog-header.php(19): require_once('/app/public/wp-...')
#2 /app/public/index.php(17): require('/app/public/wp-...')
#3 {main}
  thrown in /app/public/wp-content/themes/mytheme/404.php on line 6
[18-Jan-2019 07:52:41 UTC] PHP Fatal error:  Uncaught Error: Call to undefined function __e() in /app/public/wp-content/themes/mytheme/404.php:6
Stack trace:
#0 /app/public/wp-includes/template-loader.php(74): include()
#1 /app/public/wp-blog-header.php(19): require_once('/app/public/wp-...')
#2 /app/public/index.php(17): require('/app/public/wp-...')
#3 {main}
  thrown in /app/public/wp-content/themes/mytheme/404.php on line 6
[18-Jan-2019 07:52:41 UTC] PHP Fatal error:  Uncaught Error: Call to undefined function __e() in /app/public/wp-content/themes/mytheme/404.php:6
Stack trace:
#0 /app/public/wp-includes/template-loader.php(74): include()
#1 /app/public/wp-blog-header.php(19): require_once('/app/public/wp-...')
#2 /app/public/index.php(17): require('/app/public/wp-...')
#3 {main}
  thrown in /app/public/wp-content/themes/mytheme/404.php on line 6
[18-Jan-2019 07:52:56 UTC] PHP Catchable fatal error:  Object of class WP_Customize_Manager could not be converted to string in /app/public/wp-content/themes/mytheme/includes/customizer/social.php on line 4
[18-Jan-2019 07:52:56 UTC] PHP Stack trace:
[18-Jan-2019 07:52:56 UTC] PHP   1. {main}() /app/public/wp-admin/customize.php:0
[18-Jan-2019 07:52:56 UTC] PHP   2. require_once() /app/public/wp-admin/customize.php:13
[18-Jan-2019 07:52:56 UTC] PHP   3. require_once() /app/public/wp-admin/admin.php:31
[18-Jan-2019 07:52:56 UTC] PHP   4. require_once() /app/public/wp-load.php:37
[18-Jan-2019 07:52:56 UTC] PHP   5. require_once() /app/public/wp-config.php:76
[18-Jan-2019 07:52:56 UTC] PHP   6. do_action() /app/public/wp-settings.php:488
[18-Jan-2019 07:52:56 UTC] PHP   7. WP_Hook->do_action() /app/public/wp-includes/plugin.php:453
[18-Jan-2019 07:52:56 UTC] PHP   8. WP_Hook->apply_filters() /app/public/wp-includes/class-wp-hook.php:310
[18-Jan-2019 07:52:56 UTC] PHP   9. WP_Customize_Manager->wp_loaded() /app/public/wp-includes/class-wp-hook.php:286
[18-Jan-2019 07:52:56 UTC] PHP  10. do_action() /app/public/wp-includes/class-wp-customize-manager.php:926
[18-Jan-2019 07:52:56 UTC] PHP  11. WP_Hook->do_action() /app/public/wp-includes/plugin.php:453
[18-Jan-2019 07:52:56 UTC] PHP  12. WP_Hook->apply_filters() /app/public/wp-includes/class-wp-hook.php:310
[18-Jan-2019 07:52:56 UTC] PHP  13. sj_customize_register() /app/public/wp-includes/class-wp-hook.php:286
[18-Jan-2019 07:52:56 UTC] PHP  14. sj_social_customizer_section() /app/public/wp-content/themes/mytheme/includes/theme-customizer.php:4
[18-Jan-2019 07:53:23 UTC] PHP Fatal error:  Uncaught Error: Call to undefined function __e() in /app/public/wp-content/themes/mytheme/404.php:6
Stack trace:
#0 /app/public/wp-includes/template-loader.php(74): include()
#1 /app/public/wp-blog-header.php(19): require_once('/app/public/wp-...')
#2 /app/public/index.php(17): require('/app/public/wp-...')
#3 {main}
  thrown in /app/public/wp-content/themes/mytheme/404.php on line 6
[18-Jan-2019 07:53:23 UTC] PHP Fatal error:  Uncaught Error: Call to undefined function __e() in /app/public/wp-content/themes/mytheme/404.php:6
Stack trace:
#0 /app/public/wp-includes/template-loader.php(74): include()
#1 /app/public/wp-blog-header.php(19): require_once('/app/public/wp-...')
#2 /app/public/index.php(17): require('/app/public/wp-...')
#3 {main}
  thrown in /app/public/wp-content/themes/mytheme/404.php on line 6
[18-Jan-2019 07:53:23 UTC] PHP Fatal error:  Uncaught Error: Call to undefined function __e() in /app/public/wp-content/themes/mytheme/404.php:6
Stack trace:
#0 /app/public/wp-includes/template-loader.php(74): include()
#1 /app/public/wp-blog-header.php(19): require_once('/app/public/wp-...')
#2 /app/public/index.php(17): require('/app/public/wp-...')
#3 {main}
  thrown in /app/public/wp-content/themes/mytheme/404.php on line 6
[18-Jan-2019 07:55:36 UTC] PHP Fatal error:  Uncaught Error: Call to undefined function __e() in /app/public/wp-content/themes/mytheme/404.php:6
Stack trace:
#0 /app/public/wp-includes/template-loader.php(74): include()
#1 /app/public/wp-blog-header.php(19): require_once('/app/public/wp-...')
#2 /app/public/index.php(17): require('/app/public/wp-...')
#3 {main}
  thrown in /app/public/wp-content/themes/mytheme/404.php on line 6
[18-Jan-2019 07:55:36 UTC] PHP Fatal error:  Uncaught Error: Call to undefined function __e() in /app/public/wp-content/themes/mytheme/404.php:6
Stack trace:
#0 /app/public/wp-includes/template-loader.php(74): include()
#1 /app/public/wp-blog-header.php(19): require_once('/app/public/wp-...')
#2 /app/public/index.php(17): require('/app/public/wp-...')
#3 {main}
  thrown in /app/public/wp-content/themes/mytheme/404.php on line 6
[18-Jan-2019 07:55:36 UTC] PHP Fatal error:  Uncaught Error: Call to undefined function __e() in /app/public/wp-content/themes/mytheme/404.php:6
Stack trace:
#0 /app/public/wp-includes/template-loader.php(74): include()
#1 /app/public/wp-blog-header.php(19): require_once('/app/public/wp-...')
#2 /app/public/index.php(17): require('/app/public/wp-...')
#3 {main}
  thrown in /app/public/wp-content/themes/mytheme/404.php on line 6
[18-Jan-2019 07:55:51 UTC] PHP Fatal error:  Uncaught Error: Call to undefined function __e() in /app/public/wp-content/themes/mytheme/404.php:6
Stack trace:
#0 /app/public/wp-includes/template-loader.php(74): include()
#1 /app/public/wp-blog-header.php(19): require_once('/app/public/wp-...')
#2 /app/public/index.php(17): require('/app/public/wp-...')
#3 {main}
  thrown in /app/public/wp-content/themes/mytheme/404.php on line 6
[18-Jan-2019 07:55:51 UTC] PHP Fatal error:  Uncaught Error: Call to undefined function __e() in /app/public/wp-content/themes/mytheme/404.php:6
Stack trace:
#0 /app/public/wp-includes/template-loader.php(74): include()
#1 /app/public/wp-blog-header.php(19): require_once('/app/public/wp-...')
#2 /app/public/index.php(17): require('/app/public/wp-...')
#3 {main}
  thrown in /app/public/wp-content/themes/mytheme/404.php on line 6
[18-Jan-2019 07:55:51 UTC] PHP Fatal error:  Uncaught Error: Call to undefined function __e() in /app/public/wp-content/themes/mytheme/404.php:6
Stack trace:
#0 /app/public/wp-includes/template-loader.php(74): include()
#1 /app/public/wp-blog-header.php(19): require_once('/app/public/wp-...')
#2 /app/public/index.php(17): require('/app/public/wp-...')
#3 {main}
  thrown in /app/public/wp-content/themes/mytheme/404.php on line 6
[18-Jan-2019 07:55:55 UTC] PHP Fatal error:  Uncaught Error: Call to undefined function __e() in /app/public/wp-content/themes/mytheme/404.php:6
Stack trace:
#0 /app/public/wp-includes/template-loader.php(74): include()
#1 /app/public/wp-blog-header.php(19): require_once('/app/public/wp-...')
#2 /app/public/index.php(17): require('/app/public/wp-...')
#3 {main}
  thrown in /app/public/wp-content/themes/mytheme/404.php on line 6
[18-Jan-2019 07:55:55 UTC] PHP Fatal error:  Uncaught Error: Call to undefined function __e() in /app/public/wp-content/themes/mytheme/404.php:6
Stack trace:
#0 /app/public/wp-includes/template-loader.php(74): include()
#1 /app/public/wp-blog-header.php(19): require_once('/app/public/wp-...')
#2 /app/public/index.php(17): require('/app/public/wp-...')
#3 {main}
  thrown in /app/public/wp-content/themes/mytheme/404.php on line 6
[18-Jan-2019 07:55:55 UTC] PHP Fatal error:  Uncaught Error: Call to undefined function __e() in /app/public/wp-content/themes/mytheme/404.php:6
Stack trace:
#0 /app/public/wp-includes/template-loader.php(74): include()
#1 /app/public/wp-blog-header.php(19): require_once('/app/public/wp-...')
#2 /app/public/index.php(17): require('/app/public/wp-...')
#3 {main}
  thrown in /app/public/wp-content/themes/mytheme/404.php on line 6
[18-Jan-2019 07:56:13 UTC] PHP Fatal error:  Uncaught Error: Call to undefined function __e() in /app/public/wp-content/themes/mytheme/404.php:6
Stack trace:
#0 /app/public/wp-includes/template-loader.php(74): include()
#1 /app/public/wp-blog-header.php(19): require_once('/app/public/wp-...')
#2 /app/public/index.php(17): require('/app/public/wp-...')
#3 {main}
  thrown in /app/public/wp-content/themes/mytheme/404.php on line 6
[18-Jan-2019 07:56:13 UTC] PHP Fatal error:  Uncaught Error: Call to undefined function __e() in /app/public/wp-content/themes/mytheme/404.php:6
Stack trace:
#0 /app/public/wp-includes/template-loader.php(74): include()
#1 /app/public/wp-blog-header.php(19): require_once('/app/public/wp-...')
#2 /app/public/index.php(17): require('/app/public/wp-...')
#3 {main}
  thrown in /app/public/wp-content/themes/mytheme/404.php on line 6
[18-Jan-2019 07:56:13 UTC] PHP Fatal error:  Uncaught Error: Call to undefined function __e() in /app/public/wp-content/themes/mytheme/404.php:6
Stack trace:
#0 /app/public/wp-includes/template-loader.php(74): include()
#1 /app/public/wp-blog-header.php(19): require_once('/app/public/wp-...')
#2 /app/public/index.php(17): require('/app/public/wp-...')
#3 {main}
  thrown in /app/public/wp-content/themes/mytheme/404.php on line 6
[18-Jan-2019 07:56:22 UTC] PHP Fatal error:  Uncaught Error: Call to undefined function __e() in /app/public/wp-content/themes/mytheme/404.php:6
Stack trace:
#0 /app/public/wp-includes/template-loader.php(74): include()
#1 /app/public/wp-blog-header.php(19): require_once('/app/public/wp-...')
#2 /app/public/index.php(17): require('/app/public/wp-...')
#3 {main}
  thrown in /app/public/wp-content/themes/mytheme/404.php on line 6
[18-Jan-2019 07:56:22 UTC] PHP Fatal error:  Uncaught Error: Call to undefined function __e() in /app/public/wp-content/themes/mytheme/404.php:6
Stack trace:
#0 /app/public/wp-includes/template-loader.php(74): include()
#1 /app/public/wp-blog-header.php(19): require_once('/app/public/wp-...')
#2 /app/public/index.php(17): require('/app/public/wp-...')
#3 {main}
  thrown in /app/public/wp-content/themes/mytheme/404.php on line 6
[18-Jan-2019 07:56:22 UTC] PHP Fatal error:  Uncaught Error: Call to undefined function __e() in /app/public/wp-content/themes/mytheme/404.php:6
Stack trace:
#0 /app/public/wp-includes/template-loader.php(74): include()
#1 /app/public/wp-blog-header.php(19): require_once('/app/public/wp-...')
#2 /app/public/index.php(17): require('/app/public/wp-...')
#3 {main}
  thrown in /app/public/wp-content/themes/mytheme/404.php on line 6
[18-Jan-2019 07:56:34 UTC] PHP Fatal error:  Uncaught Error: Call to undefined function __e() in /app/public/wp-content/themes/mytheme/404.php:6
Stack trace:
#0 /app/public/wp-includes/template-loader.php(74): include()
#1 /app/public/wp-blog-header.php(19): require_once('/app/public/wp-...')
#2 /app/public/index.php(17): require('/app/public/wp-...')
#3 {main}
  thrown in /app/public/wp-content/themes/mytheme/404.php on line 6
[18-Jan-2019 07:56:34 UTC] PHP Fatal error:  Uncaught Error: Call to undefined function __e() in /app/public/wp-content/themes/mytheme/404.php:6
Stack trace:
#0 /app/public/wp-includes/template-loader.php(74): include()
#1 /app/public/wp-blog-header.php(19): require_once('/app/public/wp-...')
#2 /app/public/index.php(17): require('/app/public/wp-...')
#3 {main}
  thrown in /app/public/wp-content/themes/mytheme/404.php on line 6
[18-Jan-2019 07:56:34 UTC] PHP Fatal error:  Uncaught Error: Call to undefined function __e() in /app/public/wp-content/themes/mytheme/404.php:6
Stack trace:
#0 /app/public/wp-includes/template-loader.php(74): include()
#1 /app/public/wp-blog-header.php(19): require_once('/app/public/wp-...')
#2 /app/public/index.php(17): require('/app/public/wp-...')
#3 {main}
  thrown in /app/public/wp-content/themes/mytheme/404.php on line 6
[18-Jan-2019 07:56:35 UTC] PHP Fatal error:  Uncaught Error: Call to undefined function __e() in /app/public/wp-content/themes/mytheme/404.php:6
Stack trace:
#0 /app/public/wp-includes/template-loader.php(74): include()
#1 /app/public/wp-blog-header.php(19): require_once('/app/public/wp-...')
#2 /app/public/index.php(17): require('/app/public/wp-...')
#3 {main}
  thrown in /app/public/wp-content/themes/mytheme/404.php on line 6
[18-Jan-2019 07:56:35 UTC] PHP Fatal error:  Uncaught Error: Call to undefined function __e() in /app/public/wp-content/themes/mytheme/404.php:6
Stack trace:
#0 /app/public/wp-includes/template-loader.php(74): include()
#1 /app/public/wp-blog-header.php(19): require_once('/app/public/wp-...')
#2 /app/public/index.php(17): require('/app/public/wp-...')
#3 {main}
  thrown in /app/public/wp-content/themes/mytheme/404.php on line 6
[18-Jan-2019 07:56:35 UTC] PHP Fatal error:  Uncaught Error: Call to undefined function __e() in /app/public/wp-content/themes/mytheme/404.php:6
Stack trace:
#0 /app/public/wp-includes/template-loader.php(74): include()
#1 /app/public/wp-blog-header.php(19): require_once('/app/public/wp-...')
#2 /app/public/index.php(17): require('/app/public/wp-...')
#3 {main}
  thrown in /app/public/wp-content/themes/mytheme/404.php on line 6
[18-Jan-2019 07:56:35 UTC] PHP Fatal error:  Uncaught Error: Call to undefined function __e() in /app/public/wp-content/themes/mytheme/404.php:6
Stack trace:
#0 /app/public/wp-includes/template-loader.php(74): include()
#1 /app/public/wp-blog-header.php(19): require_once('/app/public/wp-...')
#2 /app/public/index.php(17): require('/app/public/wp-...')
#3 {main}
  thrown in /app/public/wp-content/themes/mytheme/404.php on line 6
[18-Jan-2019 07:56:35 UTC] PHP Fatal error:  Uncaught Error: Call to undefined function __e() in /app/public/wp-content/themes/mytheme/404.php:6
Stack trace:
#0 /app/public/wp-includes/template-loader.php(74): include()
#1 /app/public/wp-blog-header.php(19): require_once('/app/public/wp-...')
#2 /app/public/index.php(17): require('/app/public/wp-...')
#3 {main}
  thrown in /app/public/wp-content/themes/mytheme/404.php on line 6
[18-Jan-2019 07:56:35 UTC] PHP Fatal error:  Uncaught Error: Call to undefined function __e() in /app/public/wp-content/themes/mytheme/404.php:6
Stack trace:
#0 /app/public/wp-includes/template-loader.php(74): include()
#1 /app/public/wp-blog-header.php(19): require_once('/app/public/wp-...')
#2 /app/public/index.php(17): require('/app/public/wp-...')
#3 {main}
  thrown in /app/public/wp-content/themes/mytheme/404.php on line 6
[18-Jan-2019 07:56:37 UTC] PHP Fatal error:  Uncaught Error: Call to undefined function __e() in /app/public/wp-content/themes/mytheme/404.php:6
Stack trace:
#0 /app/public/wp-includes/template-loader.php(74): include()
#1 /app/public/wp-blog-header.php(19): require_once('/app/public/wp-...')
#2 /app/public/index.php(17): require('/app/public/wp-...')
#3 {main}
  thrown in /app/public/wp-content/themes/mytheme/404.php on line 6
[18-Jan-2019 07:56:37 UTC] PHP Fatal error:  Uncaught Error: Call to undefined function __e() in /app/public/wp-content/themes/mytheme/404.php:6
Stack trace:
#0 /app/public/wp-includes/template-loader.php(74): include()
#1 /app/public/wp-blog-header.php(19): require_once('/app/public/wp-...')
#2 /app/public/index.php(17): require('/app/public/wp-...')
#3 {main}
  thrown in /app/public/wp-content/themes/mytheme/404.php on line 6
[18-Jan-2019 07:56:37 UTC] PHP Fatal error:  Uncaught Error: Call to undefined function __e() in /app/public/wp-content/themes/mytheme/404.php:6
Stack trace:
#0 /app/public/wp-includes/template-loader.php(74): include()
#1 /app/public/wp-blog-header.php(19): require_once('/app/public/wp-...')
#2 /app/public/index.php(17): require('/app/public/wp-...')
#3 {main}
  thrown in /app/public/wp-content/themes/mytheme/404.php on line 6
[18-Jan-2019 07:56:38 UTC] PHP Fatal error:  Uncaught Error: Call to undefined function __e() in /app/public/wp-content/themes/mytheme/404.php:6
Stack trace:
#0 /app/public/wp-includes/template-loader.php(74): include()
#1 /app/public/wp-blog-header.php(19): require_once('/app/public/wp-...')
#2 /app/public/index.php(17): require('/app/public/wp-...')
#3 {main}
  thrown in /app/public/wp-content/themes/mytheme/404.php on line 6
[18-Jan-2019 07:56:38 UTC] PHP Fatal error:  Uncaught Error: Call to undefined function __e() in /app/public/wp-content/themes/mytheme/404.php:6
Stack trace:
#0 /app/public/wp-includes/template-loader.php(74): include()
#1 /app/public/wp-blog-header.php(19): require_once('/app/public/wp-...')
#2 /app/public/index.php(17): require('/app/public/wp-...')
#3 {main}
  thrown in /app/public/wp-content/themes/mytheme/404.php on line 6
[18-Jan-2019 07:56:38 UTC] PHP Fatal error:  Uncaught Error: Call to undefined function __e() in /app/public/wp-content/themes/mytheme/404.php:6
Stack trace:
#0 /app/public/wp-includes/template-loader.php(74): include()
#1 /app/public/wp-blog-header.php(19): require_once('/app/public/wp-...')
#2 /app/public/index.php(17): require('/app/public/wp-...')
#3 {main}
  thrown in /app/public/wp-content/themes/mytheme/404.php on line 6
[18-Jan-2019 07:56:48 UTC] PHP Fatal error:  Uncaught Error: Call to undefined function __e() in /app/public/wp-content/themes/mytheme/404.php:6
Stack trace:
#0 /app/public/wp-includes/template-loader.php(74): include()
#1 /app/public/wp-blog-header.php(19): require_once('/app/public/wp-...')
#2 /app/public/index.php(17): require('/app/public/wp-...')
#3 {main}
  thrown in /app/public/wp-content/themes/mytheme/404.php on line 6
[18-Jan-2019 07:56:48 UTC] PHP Fatal error:  Uncaught Error: Call to undefined function __e() in /app/public/wp-content/themes/mytheme/404.php:6
Stack trace:
#0 /app/public/wp-includes/template-loader.php(74): include()
#1 /app/public/wp-blog-header.php(19): require_once('/app/public/wp-...')
#2 /app/public/index.php(17): require('/app/public/wp-...')
#3 {main}
  thrown in /app/public/wp-content/themes/mytheme/404.php on line 6
[18-Jan-2019 07:56:48 UTC] PHP Fatal error:  Uncaught Error: Call to undefined function __e() in /app/public/wp-content/themes/mytheme/404.php:6
Stack trace:
#0 /app/public/wp-includes/template-loader.php(74): include()
#1 /app/public/wp-blog-header.php(19): require_once('/app/public/wp-...')
#2 /app/public/index.php(17): require('/app/public/wp-...')
#3 {main}
  thrown in /app/public/wp-content/themes/mytheme/404.php on line 6
[18-Jan-2019 07:57:43 UTC] PHP Fatal error:  Uncaught Error: Call to undefined function __e() in /app/public/wp-content/themes/mytheme/404.php:6
Stack trace:
#0 /app/public/wp-includes/template-loader.php(74): include()
#1 /app/public/wp-blog-header.php(19): require_once('/app/public/wp-...')
#2 /app/public/index.php(17): require('/app/public/wp-...')
#3 {main}
  thrown in /app/public/wp-content/themes/mytheme/404.php on line 6
[18-Jan-2019 07:57:43 UTC] PHP Fatal error:  Uncaught Error: Call to undefined function __e() in /app/public/wp-content/themes/mytheme/404.php:6
Stack trace:
#0 /app/public/wp-includes/template-loader.php(74): include()
#1 /app/public/wp-blog-header.php(19): require_once('/app/public/wp-...')
#2 /app/public/index.php(17): require('/app/public/wp-...')
#3 {main}
  thrown in /app/public/wp-content/themes/mytheme/404.php on line 6
[18-Jan-2019 07:57:43 UTC] PHP Fatal error:  Uncaught Error: Call to undefined function __e() in /app/public/wp-content/themes/mytheme/404.php:6
Stack trace:
#0 /app/public/wp-includes/template-loader.php(74): include()
#1 /app/public/wp-blog-header.php(19): require_once('/app/public/wp-...')
#2 /app/public/index.php(17): require('/app/public/wp-...')
#3 {main}
  thrown in /app/public/wp-content/themes/mytheme/404.php on line 6
[18-Jan-2019 07:57:44 UTC] PHP Fatal error:  Uncaught Error: Call to undefined function __e() in /app/public/wp-content/themes/mytheme/404.php:6
Stack trace:
#0 /app/public/wp-includes/template-loader.php(74): include()
#1 /app/public/wp-blog-header.php(19): require_once('/app/public/wp-...')
#2 /app/public/index.php(17): require('/app/public/wp-...')
#3 {main}
  thrown in /app/public/wp-content/themes/mytheme/404.php on line 6
[18-Jan-2019 07:57:44 UTC] PHP Fatal error:  Uncaught Error: Call to undefined function __e() in /app/public/wp-content/themes/mytheme/404.php:6
Stack trace:
#0 /app/public/wp-includes/template-loader.php(74): include()
#1 /app/public/wp-blog-header.php(19): require_once('/app/public/wp-...')
#2 /app/public/index.php(17): require('/app/public/wp-...')
#3 {main}
  thrown in /app/public/wp-content/themes/mytheme/404.php on line 6
[18-Jan-2019 07:57:44 UTC] PHP Fatal error:  Uncaught Error: Call to undefined function __e() in /app/public/wp-content/themes/mytheme/404.php:6
Stack trace:
#0 /app/public/wp-includes/template-loader.php(74): include()
#1 /app/public/wp-blog-header.php(19): require_once('/app/public/wp-...')
#2 /app/public/index.php(17): require('/app/public/wp-...')
#3 {main}
  thrown in /app/public/wp-content/themes/mytheme/404.php on line 6
[18-Jan-2019 07:58:12 UTC] PHP Fatal error:  Uncaught Error: Call to undefined function __e() in /app/public/wp-content/themes/mytheme/404.php:6
Stack trace:
#0 /app/public/wp-includes/template-loader.php(74): include()
#1 /app/public/wp-blog-header.php(19): require_once('/app/public/wp-...')
#2 /app/public/index.php(17): require('/app/public/wp-...')
#3 {main}
  thrown in /app/public/wp-content/themes/mytheme/404.php on line 6
[18-Jan-2019 07:58:12 UTC] PHP Fatal error:  Uncaught Error: Call to undefined function __e() in /app/public/wp-content/themes/mytheme/404.php:6
Stack trace:
#0 /app/public/wp-includes/template-loader.php(74): include()
#1 /app/public/wp-blog-header.php(19): require_once('/app/public/wp-...')
#2 /app/public/index.php(17): require('/app/public/wp-...')
#3 {main}
  thrown in /app/public/wp-content/themes/mytheme/404.php on line 6
[18-Jan-2019 07:58:12 UTC] PHP Fatal error:  Uncaught Error: Call to undefined function __e() in /app/public/wp-content/themes/mytheme/404.php:6
Stack trace:
#0 /app/public/wp-includes/template-loader.php(74): include()
#1 /app/public/wp-blog-header.php(19): require_once('/app/public/wp-...')
#2 /app/public/index.php(17): require('/app/public/wp-...')
#3 {main}
  thrown in /app/public/wp-content/themes/mytheme/404.php on line 6
[18-Jan-2019 08:05:10 UTC] PHP Fatal error:  Uncaught Error: Call to undefined function __e() in /app/public/wp-content/themes/mytheme/404.php:6
Stack trace:
#0 /app/public/wp-includes/template-loader.php(74): include()
#1 /app/public/wp-blog-header.php(19): require_once('/app/public/wp-...')
#2 /app/public/index.php(17): require('/app/public/wp-...')
#3 {main}
  thrown in /app/public/wp-content/themes/mytheme/404.php on line 6
[18-Jan-2019 08:05:10 UTC] PHP Fatal error:  Uncaught Error: Call to undefined function __e() in /app/public/wp-content/themes/mytheme/404.php:6
Stack trace:
#0 /app/public/wp-includes/template-loader.php(74): include()
#1 /app/public/wp-blog-header.php(19): require_once('/app/public/wp-...')
#2 /app/public/index.php(17): require('/app/public/wp-...')
#3 {main}
  thrown in /app/public/wp-content/themes/mytheme/404.php on line 6
[18-Jan-2019 08:05:10 UTC] PHP Fatal error:  Uncaught Error: Call to undefined function __e() in /app/public/wp-content/themes/mytheme/404.php:6
Stack trace:
#0 /app/public/wp-includes/template-loader.php(74): include()
#1 /app/public/wp-blog-header.php(19): require_once('/app/public/wp-...')
#2 /app/public/index.php(17): require('/app/public/wp-...')
#3 {main}
  thrown in /app/public/wp-content/themes/mytheme/404.php on line 6
[18-Jan-2019 08:05:50 UTC] PHP Fatal error:  Uncaught Error: Call to undefined function __e() in /app/public/wp-content/themes/mytheme/404.php:6
Stack trace:
#0 /app/public/wp-includes/template-loader.php(74): include()
#1 /app/public/wp-blog-header.php(19): require_once('/app/public/wp-...')
#2 /app/public/index.php(17): require('/app/public/wp-...')
#3 {main}
  thrown in /app/public/wp-content/themes/mytheme/404.php on line 6
[18-Jan-2019 08:05:50 UTC] PHP Fatal error:  Uncaught Error: Call to undefined function __e() in /app/public/wp-content/themes/mytheme/404.php:6
Stack trace:
#0 /app/public/wp-includes/template-loader.php(74): include()
#1 /app/public/wp-blog-header.php(19): require_once('/app/public/wp-...')
#2 /app/public/index.php(17): require('/app/public/wp-...')
#3 {main}
  thrown in /app/public/wp-content/themes/mytheme/404.php on line 6
[18-Jan-2019 08:05:50 UTC] PHP Fatal error:  Uncaught Error: Call to undefined function __e() in /app/public/wp-content/themes/mytheme/404.php:6
Stack trace:
#0 /app/public/wp-includes/template-loader.php(74): include()
#1 /app/public/wp-blog-header.php(19): require_once('/app/public/wp-...')
#2 /app/public/index.php(17): require('/app/public/wp-...')
#3 {main}
  thrown in /app/public/wp-content/themes/mytheme/404.php on line 6
[18-Jan-2019 08:06:15 UTC] PHP Fatal error:  Uncaught Error: Call to undefined function __e() in /app/public/wp-content/themes/mytheme/404.php:6
Stack trace:
#0 /app/public/wp-includes/template-loader.php(74): include()
#1 /app/public/wp-blog-header.php(19): require_once('/app/public/wp-...')
#2 /app/public/index.php(17): require('/app/public/wp-...')
#3 {main}
  thrown in /app/public/wp-content/themes/mytheme/404.php on line 6
[18-Jan-2019 08:06:15 UTC] PHP Fatal error:  Uncaught Error: Call to undefined function __e() in /app/public/wp-content/themes/mytheme/404.php:6
Stack trace:
#0 /app/public/wp-includes/template-loader.php(74): include()
#1 /app/public/wp-blog-header.php(19): require_once('/app/public/wp-...')
#2 /app/public/index.php(17): require('/app/public/wp-...')
#3 {main}
  thrown in /app/public/wp-content/themes/mytheme/404.php on line 6
[18-Jan-2019 08:06:15 UTC] PHP Fatal error:  Uncaught Error: Call to undefined function __e() in /app/public/wp-content/themes/mytheme/404.php:6
Stack trace:
#0 /app/public/wp-includes/template-loader.php(74): include()
#1 /app/public/wp-blog-header.php(19): require_once('/app/public/wp-...')
#2 /app/public/index.php(17): require('/app/public/wp-...')
#3 {main}
  thrown in /app/public/wp-content/themes/mytheme/404.php on line 6
[18-Jan-2019 08:06:34 UTC] PHP Fatal error:  Uncaught Error: Call to undefined function __e() in /app/public/wp-content/themes/mytheme/404.php:6
Stack trace:
#0 /app/public/wp-includes/template-loader.php(74): include()
#1 /app/public/wp-blog-header.php(19): require_once('/app/public/wp-...')
#2 /app/public/index.php(17): require('/app/public/wp-...')
#3 {main}
  thrown in /app/public/wp-content/themes/mytheme/404.php on line 6
[18-Jan-2019 08:06:34 UTC] PHP Fatal error:  Uncaught Error: Call to undefined function __e() in /app/public/wp-content/themes/mytheme/404.php:6
Stack trace:
#0 /app/public/wp-includes/template-loader.php(74): include()
#1 /app/public/wp-blog-header.php(19): require_once('/app/public/wp-...')
#2 /app/public/index.php(17): require('/app/public/wp-...')
#3 {main}
  thrown in /app/public/wp-content/themes/mytheme/404.php on line 6
[18-Jan-2019 08:06:34 UTC] PHP Fatal error:  Uncaught Error: Call to undefined function __e() in /app/public/wp-content/themes/mytheme/404.php:6
Stack trace:
#0 /app/public/wp-includes/template-loader.php(74): include()
#1 /app/public/wp-blog-header.php(19): require_once('/app/public/wp-...')
#2 /app/public/index.php(17): require('/app/public/wp-...')
#3 {main}
  thrown in /app/public/wp-content/themes/mytheme/404.php on line 6
[18-Jan-2019 09:36:13 UTC] PHP Fatal error:  Uncaught Error: Call to undefined function __e() in /app/public/wp-content/themes/mytheme/404.php:6
Stack trace:
#0 /app/public/wp-includes/template-loader.php(74): include()
#1 /app/public/wp-blog-header.php(19): require_once('/app/public/wp-...')
#2 /app/public/index.php(17): require('/app/public/wp-...')
#3 {main}
  thrown in /app/public/wp-content/themes/mytheme/404.php on line 6
[18-Jan-2019 09:36:13 UTC] PHP Fatal error:  Uncaught Error: Call to undefined function __e() in /app/public/wp-content/themes/mytheme/404.php:6
Stack trace:
#0 /app/public/wp-includes/template-loader.php(74): include()
#1 /app/public/wp-blog-header.php(19): require_once('/app/public/wp-...')
#2 /app/public/index.php(17): require('/app/public/wp-...')
#3 {main}
  thrown in /app/public/wp-content/themes/mytheme/404.php on line 6
[18-Jan-2019 09:36:13 UTC] PHP Fatal error:  Uncaught Error: Call to undefined function __e() in /app/public/wp-content/themes/mytheme/404.php:6
Stack trace:
#0 /app/public/wp-includes/template-loader.php(74): include()
#1 /app/public/wp-blog-header.php(19): require_once('/app/public/wp-...')
#2 /app/public/index.php(17): require('/app/public/wp-...')
#3 {main}
  thrown in /app/public/wp-content/themes/mytheme/404.php on line 6
[18-Jan-2019 09:36:22 UTC] PHP Fatal error:  Uncaught Error: Call to undefined function __e() in /app/public/wp-content/themes/mytheme/404.php:6
Stack trace:
#0 /app/public/wp-includes/template-loader.php(74): include()
#1 /app/public/wp-blog-header.php(19): require_once('/app/public/wp-...')
#2 /app/public/index.php(17): require('/app/public/wp-...')
#3 {main}
  thrown in /app/public/wp-content/themes/mytheme/404.php on line 6
[18-Jan-2019 09:36:22 UTC] PHP Fatal error:  Uncaught Error: Call to undefined function __e() in /app/public/wp-content/themes/mytheme/404.php:6
Stack trace:
#0 /app/public/wp-includes/template-loader.php(74): include()
#1 /app/public/wp-blog-header.php(19): require_once('/app/public/wp-...')
#2 /app/public/index.php(17): require('/app/public/wp-...')
#3 {main}
  thrown in /app/public/wp-content/themes/mytheme/404.php on line 6
[18-Jan-2019 09:36:22 UTC] PHP Fatal error:  Uncaught Error: Call to undefined function __e() in /app/public/wp-content/themes/mytheme/404.php:6
Stack trace:
#0 /app/public/wp-includes/template-loader.php(74): include()
#1 /app/public/wp-blog-header.php(19): require_once('/app/public/wp-...')
#2 /app/public/index.php(17): require('/app/public/wp-...')
#3 {main}
  thrown in /app/public/wp-content/themes/mytheme/404.php on line 6
[18-Jan-2019 09:36:23 UTC] PHP Fatal error:  Uncaught Error: Call to undefined function __e() in /app/public/wp-content/themes/mytheme/404.php:6
Stack trace:
#0 /app/public/wp-includes/template-loader.php(74): include()
#1 /app/public/wp-blog-header.php(19): require_once('/app/public/wp-...')
#2 /app/public/index.php(17): require('/app/public/wp-...')
#3 {main}
  thrown in /app/public/wp-content/themes/mytheme/404.php on line 6
[18-Jan-2019 09:36:23 UTC] PHP Fatal error:  Uncaught Error: Call to undefined function __e() in /app/public/wp-content/themes/mytheme/404.php:6
Stack trace:
#0 /app/public/wp-includes/template-loader.php(74): include()
#1 /app/public/wp-blog-header.php(19): require_once('/app/public/wp-...')
#2 /app/public/index.php(17): require('/app/public/wp-...')
#3 {main}
  thrown in /app/public/wp-content/themes/mytheme/404.php on line 6
[18-Jan-2019 09:36:23 UTC] PHP Fatal error:  Uncaught Error: Call to undefined function __e() in /app/public/wp-content/themes/mytheme/404.php:6
Stack trace:
#0 /app/public/wp-includes/template-loader.php(74): include()
#1 /app/public/wp-blog-header.php(19): require_once('/app/public/wp-...')
#2 /app/public/index.php(17): require('/app/public/wp-...')
#3 {main}
  thrown in /app/public/wp-content/themes/mytheme/404.php on line 6
[18-Jan-2019 09:36:25 UTC] PHP Fatal error:  Uncaught Error: Call to undefined function __e() in /app/public/wp-content/themes/mytheme/404.php:6
Stack trace:
#0 /app/public/wp-includes/template-loader.php(74): include()
#1 /app/public/wp-blog-header.php(19): require_once('/app/public/wp-...')
#2 /app/public/index.php(17): require('/app/public/wp-...')
#3 {main}
  thrown in /app/public/wp-content/themes/mytheme/404.php on line 6
[18-Jan-2019 09:36:25 UTC] PHP Fatal error:  Uncaught Error: Call to undefined function __e() in /app/public/wp-content/themes/mytheme/404.php:6
Stack trace:
#0 /app/public/wp-includes/template-loader.php(74): include()
#1 /app/public/wp-blog-header.php(19): require_once('/app/public/wp-...')
#2 /app/public/index.php(17): require('/app/public/wp-...')
#3 {main}
  thrown in /app/public/wp-content/themes/mytheme/404.php on line 6
[18-Jan-2019 09:36:25 UTC] PHP Fatal error:  Uncaught Error: Call to undefined function __e() in /app/public/wp-content/themes/mytheme/404.php:6
Stack trace:
#0 /app/public/wp-includes/template-loader.php(74): include()
#1 /app/public/wp-blog-header.php(19): require_once('/app/public/wp-...')
#2 /app/public/index.php(17): require('/app/public/wp-...')
#3 {main}
  thrown in /app/public/wp-content/themes/mytheme/404.php on line 6
[18-Jan-2019 09:36:26 UTC] PHP Fatal error:  Uncaught Error: Call to undefined function __e() in /app/public/wp-content/themes/mytheme/404.php:6
Stack trace:
#0 /app/public/wp-includes/template-loader.php(74): include()
#1 /app/public/wp-blog-header.php(19): require_once('/app/public/wp-...')
#2 /app/public/index.php(17): require('/app/public/wp-...')
#3 {main}
  thrown in /app/public/wp-content/themes/mytheme/404.php on line 6
[18-Jan-2019 09:36:26 UTC] PHP Fatal error:  Uncaught Error: Call to undefined function __e() in /app/public/wp-content/themes/mytheme/404.php:6
Stack trace:
#0 /app/public/wp-includes/template-loader.php(74): include()
#1 /app/public/wp-blog-header.php(19): require_once('/app/public/wp-...')
#2 /app/public/index.php(17): require('/app/public/wp-...')
#3 {main}
  thrown in /app/public/wp-content/themes/mytheme/404.php on line 6
[18-Jan-2019 09:36:26 UTC] PHP Fatal error:  Uncaught Error: Call to undefined function __e() in /app/public/wp-content/themes/mytheme/404.php:6
Stack trace:
#0 /app/public/wp-includes/template-loader.php(74): include()
#1 /app/public/wp-blog-header.php(19): require_once('/app/public/wp-...')
#2 /app/public/index.php(17): require('/app/public/wp-...')
#3 {main}
  thrown in /app/public/wp-content/themes/mytheme/404.php on line 6
[18-Jan-2019 09:42:32 UTC] PHP Fatal error:  Uncaught Error: Call to undefined function __e() in /app/public/wp-content/themes/mytheme/404.php:6
Stack trace:
#0 /app/public/wp-includes/template-loader.php(74): include()
#1 /app/public/wp-blog-header.php(19): require_once('/app/public/wp-...')
#2 /app/public/index.php(17): require('/app/public/wp-...')
#3 {main}
  thrown in /app/public/wp-content/themes/mytheme/404.php on line 6
[18-Jan-2019 09:42:32 UTC] PHP Fatal error:  Uncaught Error: Call to undefined function __e() in /app/public/wp-content/themes/mytheme/404.php:6
Stack trace:
#0 /app/public/wp-includes/template-loader.php(74): include()
#1 /app/public/wp-blog-header.php(19): require_once('/app/public/wp-...')
#2 /app/public/index.php(17): require('/app/public/wp-...')
#3 {main}
  thrown in /app/public/wp-content/themes/mytheme/404.php on line 6
[18-Jan-2019 09:42:32 UTC] PHP Fatal error:  Uncaught Error: Call to undefined function __e() in /app/public/wp-content/themes/mytheme/404.php:6
Stack trace:
#0 /app/public/wp-includes/template-loader.php(74): include()
#1 /app/public/wp-blog-header.php(19): require_once('/app/public/wp-...')
#2 /app/public/index.php(17): require('/app/public/wp-...')
#3 {main}
  thrown in /app/public/wp-content/themes/mytheme/404.php on line 6
[18-Jan-2019 09:42:44 UTC] PHP Fatal error:  Uncaught Error: Call to undefined function __e() in /app/public/wp-content/themes/mytheme/404.php:6
Stack trace:
#0 /app/public/wp-includes/template-loader.php(74): include()
#1 /app/public/wp-blog-header.php(19): require_once('/app/public/wp-...')
#2 /app/public/index.php(17): require('/app/public/wp-...')
#3 {main}
  thrown in /app/public/wp-content/themes/mytheme/404.php on line 6
[18-Jan-2019 09:42:44 UTC] PHP Fatal error:  Uncaught Error: Call to undefined function __e() in /app/public/wp-content/themes/mytheme/404.php:6
Stack trace:
#0 /app/public/wp-includes/template-loader.php(74): include()
#1 /app/public/wp-blog-header.php(19): require_once('/app/public/wp-...')
#2 /app/public/index.php(17): require('/app/public/wp-...')
#3 {main}
  thrown in /app/public/wp-content/themes/mytheme/404.php on line 6
[18-Jan-2019 09:42:44 UTC] PHP Fatal error:  Uncaught Error: Call to undefined function __e() in /app/public/wp-content/themes/mytheme/404.php:6
Stack trace:
#0 /app/public/wp-includes/template-loader.php(74): include()
#1 /app/public/wp-blog-header.php(19): require_once('/app/public/wp-...')
#2 /app/public/index.php(17): require('/app/public/wp-...')
#3 {main}
  thrown in /app/public/wp-content/themes/mytheme/404.php on line 6
[18-Jan-2019 09:42:46 UTC] PHP Fatal error:  Uncaught Error: Call to undefined function __e() in /app/public/wp-content/themes/mytheme/404.php:6
Stack trace:
#0 /app/public/wp-includes/template-loader.php(74): include()
#1 /app/public/wp-blog-header.php(19): require_once('/app/public/wp-...')
#2 /app/public/index.php(17): require('/app/public/wp-...')
#3 {main}
  thrown in /app/public/wp-content/themes/mytheme/404.php on line 6
[18-Jan-2019 09:42:46 UTC] PHP Fatal error:  Uncaught Error: Call to undefined function __e() in /app/public/wp-content/themes/mytheme/404.php:6
Stack trace:
#0 /app/public/wp-includes/template-loader.php(74): include()
#1 /app/public/wp-blog-header.php(19): require_once('/app/public/wp-...')
#2 /app/public/index.php(17): require('/app/public/wp-...')
#3 {main}
  thrown in /app/public/wp-content/themes/mytheme/404.php on line 6
[18-Jan-2019 09:42:46 UTC] PHP Fatal error:  Uncaught Error: Call to undefined function __e() in /app/public/wp-content/themes/mytheme/404.php:6
Stack trace:
#0 /app/public/wp-includes/template-loader.php(74): include()
#1 /app/public/wp-blog-header.php(19): require_once('/app/public/wp-...')
#2 /app/public/index.php(17): require('/app/public/wp-...')
#3 {main}
  thrown in /app/public/wp-content/themes/mytheme/404.php on line 6
[18-Jan-2019 09:47:39 UTC] PHP Fatal error:  Uncaught Error: Call to undefined function __e() in /app/public/wp-content/themes/mytheme/404.php:6
Stack trace:
#0 /app/public/wp-includes/template-loader.php(74): include()
#1 /app/public/wp-blog-header.php(19): require_once('/app/public/wp-...')
#2 /app/public/index.php(17): require('/app/public/wp-...')
#3 {main}
  thrown in /app/public/wp-content/themes/mytheme/404.php on line 6
[18-Jan-2019 09:47:39 UTC] PHP Fatal error:  Uncaught Error: Call to undefined function __e() in /app/public/wp-content/themes/mytheme/404.php:6
Stack trace:
#0 /app/public/wp-includes/template-loader.php(74): include()
#1 /app/public/wp-blog-header.php(19): require_once('/app/public/wp-...')
#2 /app/public/index.php(17): require('/app/public/wp-...')
#3 {main}
  thrown in /app/public/wp-content/themes/mytheme/404.php on line 6
[18-Jan-2019 09:47:39 UTC] PHP Fatal error:  Uncaught Error: Call to undefined function __e() in /app/public/wp-content/themes/mytheme/404.php:6
Stack trace:
#0 /app/public/wp-includes/template-loader.php(74): include()
#1 /app/public/wp-blog-header.php(19): require_once('/app/public/wp-...')
#2 /app/public/index.php(17): require('/app/public/wp-...')
#3 {main}
  thrown in /app/public/wp-content/themes/mytheme/404.php on line 6
[18-Jan-2019 09:47:44 UTC] PHP Fatal error:  Uncaught Error: Call to undefined function __e() in /app/public/wp-content/themes/mytheme/404.php:6
Stack trace:
#0 /app/public/wp-includes/template-loader.php(74): include()
#1 /app/public/wp-blog-header.php(19): require_once('/app/public/wp-...')
#2 /app/public/index.php(17): require('/app/public/wp-...')
#3 {main}
  thrown in /app/public/wp-content/themes/mytheme/404.php on line 6
[18-Jan-2019 09:47:44 UTC] PHP Fatal error:  Uncaught Error: Call to undefined function __e() in /app/public/wp-content/themes/mytheme/404.php:6
Stack trace:
#0 /app/public/wp-includes/template-loader.php(74): include()
#1 /app/public/wp-blog-header.php(19): require_once('/app/public/wp-...')
#2 /app/public/index.php(17): require('/app/public/wp-...')
#3 {main}
  thrown in /app/public/wp-content/themes/mytheme/404.php on line 6
[18-Jan-2019 09:47:44 UTC] PHP Fatal error:  Uncaught Error: Call to undefined function __e() in /app/public/wp-content/themes/mytheme/404.php:6
Stack trace:
#0 /app/public/wp-includes/template-loader.php(74): include()
#1 /app/public/wp-blog-header.php(19): require_once('/app/public/wp-...')
#2 /app/public/index.php(17): require('/app/public/wp-...')
#3 {main}
  thrown in /app/public/wp-content/themes/mytheme/404.php on line 6
[18-Jan-2019 09:48:10 UTC] PHP Fatal error:  Uncaught Error: Call to undefined function __e() in /app/public/wp-content/themes/mytheme/404.php:6
Stack trace:
#0 /app/public/wp-includes/template-loader.php(74): include()
#1 /app/public/wp-blog-header.php(19): require_once('/app/public/wp-...')
#2 /app/public/index.php(17): require('/app/public/wp-...')
#3 {main}
  thrown in /app/public/wp-content/themes/mytheme/404.php on line 6
[18-Jan-2019 09:48:10 UTC] PHP Fatal error:  Uncaught Error: Call to undefined function __e() in /app/public/wp-content/themes/mytheme/404.php:6
Stack trace:
#0 /app/public/wp-includes/template-loader.php(74): include()
#1 /app/public/wp-blog-header.php(19): require_once('/app/public/wp-...')
#2 /app/public/index.php(17): require('/app/public/wp-...')
#3 {main}
  thrown in /app/public/wp-content/themes/mytheme/404.php on line 6
[18-Jan-2019 09:48:10 UTC] PHP Fatal error:  Uncaught Error: Call to undefined function __e() in /app/public/wp-content/themes/mytheme/404.php:6
Stack trace:
#0 /app/public/wp-includes/template-loader.php(74): include()
#1 /app/public/wp-blog-header.php(19): require_once('/app/public/wp-...')
#2 /app/public/index.php(17): require('/app/public/wp-...')
#3 {main}
  thrown in /app/public/wp-content/themes/mytheme/404.php on line 6
[18-Jan-2019 09:48:13 UTC] PHP Fatal error:  Uncaught Error: Call to undefined function __e() in /app/public/wp-content/themes/mytheme/404.php:6
Stack trace:
#0 /app/public/wp-includes/template-loader.php(74): include()
#1 /app/public/wp-blog-header.php(19): require_once('/app/public/wp-...')
#2 /app/public/index.php(17): require('/app/public/wp-...')
#3 {main}
  thrown in /app/public/wp-content/themes/mytheme/404.php on line 6
[18-Jan-2019 09:48:13 UTC] PHP Fatal error:  Uncaught Error: Call to undefined function __e() in /app/public/wp-content/themes/mytheme/404.php:6
Stack trace:
#0 /app/public/wp-includes/template-loader.php(74): include()
#1 /app/public/wp-blog-header.php(19): require_once('/app/public/wp-...')
#2 /app/public/index.php(17): require('/app/public/wp-...')
#3 {main}
  thrown in /app/public/wp-content/themes/mytheme/404.php on line 6
[18-Jan-2019 09:48:13 UTC] PHP Fatal error:  Uncaught Error: Call to undefined function __e() in /app/public/wp-content/themes/mytheme/404.php:6
Stack trace:
#0 /app/public/wp-includes/template-loader.php(74): include()
#1 /app/public/wp-blog-header.php(19): require_once('/app/public/wp-...')
#2 /app/public/index.php(17): require('/app/public/wp-...')
#3 {main}
  thrown in /app/public/wp-content/themes/mytheme/404.php on line 6
[18-Jan-2019 09:48:14 UTC] PHP Fatal error:  Uncaught Error: Call to undefined function __e() in /app/public/wp-content/themes/mytheme/404.php:6
Stack trace:
#0 /app/public/wp-includes/template-loader.php(74): include()
#1 /app/public/wp-blog-header.php(19): require_once('/app/public/wp-...')
#2 /app/public/index.php(17): require('/app/public/wp-...')
#3 {main}
  thrown in /app/public/wp-content/themes/mytheme/404.php on line 6
[18-Jan-2019 09:48:14 UTC] PHP Fatal error:  Uncaught Error: Call to undefined function __e() in /app/public/wp-content/themes/mytheme/404.php:6
Stack trace:
#0 /app/public/wp-includes/template-loader.php(74): include()
#1 /app/public/wp-blog-header.php(19): require_once('/app/public/wp-...')
#2 /app/public/index.php(17): require('/app/public/wp-...')
#3 {main}
  thrown in /app/public/wp-content/themes/mytheme/404.php on line 6
[18-Jan-2019 09:48:15 UTC] PHP Fatal error:  Uncaught Error: Call to undefined function __e() in /app/public/wp-content/themes/mytheme/404.php:6
Stack trace:
#0 /app/public/wp-includes/template-loader.php(74): include()
#1 /app/public/wp-blog-header.php(19): require_once('/app/public/wp-...')
#2 /app/public/index.php(17): require('/app/public/wp-...')
#3 {main}
  thrown in /app/public/wp-content/themes/mytheme/404.php on line 6
[18-Jan-2019 09:53:30 UTC] PHP Parse error:  syntax error, unexpected ''choices'' (T_CONSTANT_ENCAPSED_STRING), expecting ')' in /app/public/wp-content/themes/mytheme/includes/customizer/miscellaneous.php on line 20
[18-Jan-2019 09:54:11 UTC] PHP Parse error:  syntax error, unexpected ''choices'' (T_CONSTANT_ENCAPSED_STRING), expecting ')' in /app/public/wp-content/themes/mytheme/includes/customizer/miscellaneous.php on line 20
[18-Jan-2019 09:54:36 UTC] PHP Fatal error:  Uncaught Error: Call to undefined function __e() in /app/public/wp-content/themes/mytheme/404.php:6
Stack trace:
#0 /app/public/wp-includes/template-loader.php(74): include()
#1 /app/public/wp-blog-header.php(19): require_once('/app/public/wp-...')
#2 /app/public/index.php(17): require('/app/public/wp-...')
#3 {main}
  thrown in /app/public/wp-content/themes/mytheme/404.php on line 6
[18-Jan-2019 09:54:36 UTC] PHP Fatal error:  Uncaught Error: Call to undefined function __e() in /app/public/wp-content/themes/mytheme/404.php:6
Stack trace:
#0 /app/public/wp-includes/template-loader.php(74): include()
#1 /app/public/wp-blog-header.php(19): require_once('/app/public/wp-...')
#2 /app/public/index.php(17): require('/app/public/wp-...')
#3 {main}
  thrown in /app/public/wp-content/themes/mytheme/404.php on line 6
[18-Jan-2019 09:54:36 UTC] PHP Fatal error:  Uncaught Error: Call to undefined function __e() in /app/public/wp-content/themes/mytheme/404.php:6
Stack trace:
#0 /app/public/wp-includes/template-loader.php(74): include()
#1 /app/public/wp-blog-header.php(19): require_once('/app/public/wp-...')
#2 /app/public/index.php(17): require('/app/public/wp-...')
#3 {main}
  thrown in /app/public/wp-content/themes/mytheme/404.php on line 6
[18-Jan-2019 09:54:45 UTC] PHP Fatal error:  Uncaught Error: Call to undefined function __e() in /app/public/wp-content/themes/mytheme/404.php:6
Stack trace:
#0 /app/public/wp-includes/template-loader.php(74): include()
#1 /app/public/wp-blog-header.php(19): require_once('/app/public/wp-...')
#2 /app/public/index.php(17): require('/app/public/wp-...')
#3 {main}
  thrown in /app/public/wp-content/themes/mytheme/404.php on line 6
[18-Jan-2019 09:54:45 UTC] PHP Fatal error:  Uncaught Error: Call to undefined function __e() in /app/public/wp-content/themes/mytheme/404.php:6
Stack trace:
#0 /app/public/wp-includes/template-loader.php(74): include()
#1 /app/public/wp-blog-header.php(19): require_once('/app/public/wp-...')
#2 /app/public/index.php(17): require('/app/public/wp-...')
#3 {main}
  thrown in /app/public/wp-content/themes/mytheme/404.php on line 6
[18-Jan-2019 09:54:45 UTC] PHP Fatal error:  Uncaught Error: Call to undefined function __e() in /app/public/wp-content/themes/mytheme/404.php:6
Stack trace:
#0 /app/public/wp-includes/template-loader.php(74): include()
#1 /app/public/wp-blog-header.php(19): require_once('/app/public/wp-...')
#2 /app/public/index.php(17): require('/app/public/wp-...')
#3 {main}
  thrown in /app/public/wp-content/themes/mytheme/404.php on line 6
[18-Jan-2019 09:54:47 UTC] PHP Fatal error:  Uncaught Error: Call to undefined function __e() in /app/public/wp-content/themes/mytheme/404.php:6
Stack trace:
#0 /app/public/wp-includes/template-loader.php(74): include()
#1 /app/public/wp-blog-header.php(19): require_once('/app/public/wp-...')
#2 /app/public/index.php(17): require('/app/public/wp-...')
#3 {main}
  thrown in /app/public/wp-content/themes/mytheme/404.php on line 6
[18-Jan-2019 09:54:47 UTC] PHP Fatal error:  Uncaught Error: Call to undefined function __e() in /app/public/wp-content/themes/mytheme/404.php:6
Stack trace:
#0 /app/public/wp-includes/template-loader.php(74): include()
#1 /app/public/wp-blog-header.php(19): require_once('/app/public/wp-...')
#2 /app/public/index.php(17): require('/app/public/wp-...')
#3 {main}
  thrown in /app/public/wp-content/themes/mytheme/404.php on line 6
[18-Jan-2019 09:54:47 UTC] PHP Fatal error:  Uncaught Error: Call to undefined function __e() in /app/public/wp-content/themes/mytheme/404.php:6
Stack trace:
#0 /app/public/wp-includes/template-loader.php(74): include()
#1 /app/public/wp-blog-header.php(19): require_once('/app/public/wp-...')
#2 /app/public/index.php(17): require('/app/public/wp-...')
#3 {main}
  thrown in /app/public/wp-content/themes/mytheme/404.php on line 6
[18-Jan-2019 09:55:02 UTC] PHP Fatal error:  Uncaught Error: Call to undefined function __e() in /app/public/wp-content/themes/mytheme/404.php:6
Stack trace:
#0 /app/public/wp-includes/template-loader.php(74): include()
#1 /app/public/wp-blog-header.php(19): require_once('/app/public/wp-...')
#2 /app/public/index.php(17): require('/app/public/wp-...')
#3 {main}
  thrown in /app/public/wp-content/themes/mytheme/404.php on line 6
[18-Jan-2019 09:55:02 UTC] PHP Fatal error:  Uncaught Error: Call to undefined function __e() in /app/public/wp-content/themes/mytheme/404.php:6
Stack trace:
#0 /app/public/wp-includes/template-loader.php(74): include()
#1 /app/public/wp-blog-header.php(19): require_once('/app/public/wp-...')
#2 /app/public/index.php(17): require('/app/public/wp-...')
#3 {main}
  thrown in /app/public/wp-content/themes/mytheme/404.php on line 6
[18-Jan-2019 09:55:02 UTC] PHP Fatal error:  Uncaught Error: Call to undefined function __e() in /app/public/wp-content/themes/mytheme/404.php:6
Stack trace:
#0 /app/public/wp-includes/template-loader.php(74): include()
#1 /app/public/wp-blog-header.php(19): require_once('/app/public/wp-...')
#2 /app/public/index.php(17): require('/app/public/wp-...')
#3 {main}
  thrown in /app/public/wp-content/themes/mytheme/404.php on line 6
[18-Jan-2019 09:55:05 UTC] PHP Fatal error:  Uncaught Error: Call to undefined function __e() in /app/public/wp-content/themes/mytheme/404.php:6
Stack trace:
#0 /app/public/wp-includes/template-loader.php(74): include()
#1 /app/public/wp-blog-header.php(19): require_once('/app/public/wp-...')
#2 /app/public/index.php(17): require('/app/public/wp-...')
#3 {main}
  thrown in /app/public/wp-content/themes/mytheme/404.php on line 6
[18-Jan-2019 09:55:05 UTC] PHP Fatal error:  Uncaught Error: Call to undefined function __e() in /app/public/wp-content/themes/mytheme/404.php:6
Stack trace:
#0 /app/public/wp-includes/template-loader.php(74): include()
#1 /app/public/wp-blog-header.php(19): require_once('/app/public/wp-...')
#2 /app/public/index.php(17): require('/app/public/wp-...')
#3 {main}
  thrown in /app/public/wp-content/themes/mytheme/404.php on line 6
[18-Jan-2019 09:55:05 UTC] PHP Fatal error:  Uncaught Error: Call to undefined function __e() in /app/public/wp-content/themes/mytheme/404.php:6
Stack trace:
#0 /app/public/wp-includes/template-loader.php(74): include()
#1 /app/public/wp-blog-header.php(19): require_once('/app/public/wp-...')
#2 /app/public/index.php(17): require('/app/public/wp-...')
#3 {main}
  thrown in /app/public/wp-content/themes/mytheme/404.php on line 6
[18-Jan-2019 09:55:08 UTC] PHP Fatal error:  Uncaught Error: Call to undefined function __e() in /app/public/wp-content/themes/mytheme/404.php:6
Stack trace:
#0 /app/public/wp-includes/template-loader.php(74): include()
#1 /app/public/wp-blog-header.php(19): require_once('/app/public/wp-...')
#2 /app/public/index.php(17): require('/app/public/wp-...')
#3 {main}
  thrown in /app/public/wp-content/themes/mytheme/404.php on line 6
[18-Jan-2019 09:55:08 UTC] PHP Fatal error:  Uncaught Error: Call to undefined function __e() in /app/public/wp-content/themes/mytheme/404.php:6
Stack trace:
#0 /app/public/wp-includes/template-loader.php(74): include()
#1 /app/public/wp-blog-header.php(19): require_once('/app/public/wp-...')
#2 /app/public/index.php(17): require('/app/public/wp-...')
#3 {main}
  thrown in /app/public/wp-content/themes/mytheme/404.php on line 6
[18-Jan-2019 09:55:08 UTC] PHP Fatal error:  Uncaught Error: Call to undefined function __e() in /app/public/wp-content/themes/mytheme/404.php:6
Stack trace:
#0 /app/public/wp-includes/template-loader.php(74): include()
#1 /app/public/wp-blog-header.php(19): require_once('/app/public/wp-...')
#2 /app/public/index.php(17): require('/app/public/wp-...')
#3 {main}
  thrown in /app/public/wp-content/themes/mytheme/404.php on line 6
[18-Jan-2019 09:55:31 UTC] PHP Fatal error:  Uncaught Error: Call to undefined function __e() in /app/public/wp-content/themes/mytheme/404.php:6
Stack trace:
#0 /app/public/wp-includes/template-loader.php(74): include()
#1 /app/public/wp-blog-header.php(19): require_once('/app/public/wp-...')
#2 /app/public/index.php(17): require('/app/public/wp-...')
#3 {main}
  thrown in /app/public/wp-content/themes/mytheme/404.php on line 6
[18-Jan-2019 09:55:31 UTC] PHP Fatal error:  Uncaught Error: Call to undefined function __e() in /app/public/wp-content/themes/mytheme/404.php:6
Stack trace:
#0 /app/public/wp-includes/template-loader.php(74): include()
#1 /app/public/wp-blog-header.php(19): require_once('/app/public/wp-...')
#2 /app/public/index.php(17): require('/app/public/wp-...')
#3 {main}
  thrown in /app/public/wp-content/themes/mytheme/404.php on line 6
[18-Jan-2019 09:55:31 UTC] PHP Fatal error:  Uncaught Error: Call to undefined function __e() in /app/public/wp-content/themes/mytheme/404.php:6
Stack trace:
#0 /app/public/wp-includes/template-loader.php(74): include()
#1 /app/public/wp-blog-header.php(19): require_once('/app/public/wp-...')
#2 /app/public/index.php(17): require('/app/public/wp-...')
#3 {main}
  thrown in /app/public/wp-content/themes/mytheme/404.php on line 6
[18-Jan-2019 09:55:36 UTC] PHP Fatal error:  Uncaught Error: Call to undefined function __e() in /app/public/wp-content/themes/mytheme/404.php:6
Stack trace:
#0 /app/public/wp-includes/template-loader.php(74): include()
#1 /app/public/wp-blog-header.php(19): require_once('/app/public/wp-...')
#2 /app/public/index.php(17): require('/app/public/wp-...')
#3 {main}
  thrown in /app/public/wp-content/themes/mytheme/404.php on line 6
[18-Jan-2019 09:55:36 UTC] PHP Fatal error:  Uncaught Error: Call to undefined function __e() in /app/public/wp-content/themes/mytheme/404.php:6
Stack trace:
#0 /app/public/wp-includes/template-loader.php(74): include()
#1 /app/public/wp-blog-header.php(19): require_once('/app/public/wp-...')
#2 /app/public/index.php(17): require('/app/public/wp-...')
#3 {main}
  thrown in /app/public/wp-content/themes/mytheme/404.php on line 6
[18-Jan-2019 09:55:36 UTC] PHP Fatal error:  Uncaught Error: Call to undefined function __e() in /app/public/wp-content/themes/mytheme/404.php:6
Stack trace:
#0 /app/public/wp-includes/template-loader.php(74): include()
#1 /app/public/wp-blog-header.php(19): require_once('/app/public/wp-...')
#2 /app/public/index.php(17): require('/app/public/wp-...')
#3 {main}
  thrown in /app/public/wp-content/themes/mytheme/404.php on line 6
[18-Jan-2019 09:55:38 UTC] PHP Fatal error:  Uncaught Error: Call to undefined function __e() in /app/public/wp-content/themes/mytheme/404.php:6
Stack trace:
#0 /app/public/wp-includes/template-loader.php(74): include()
#1 /app/public/wp-blog-header.php(19): require_once('/app/public/wp-...')
#2 /app/public/index.php(17): require('/app/public/wp-...')
#3 {main}
  thrown in /app/public/wp-content/themes/mytheme/404.php on line 6
[18-Jan-2019 09:55:38 UTC] PHP Fatal error:  Uncaught Error: Call to undefined function __e() in /app/public/wp-content/themes/mytheme/404.php:6
Stack trace:
#0 /app/public/wp-includes/template-loader.php(74): include()
#1 /app/public/wp-blog-header.php(19): require_once('/app/public/wp-...')
#2 /app/public/index.php(17): require('/app/public/wp-...')
#3 {main}
  thrown in /app/public/wp-content/themes/mytheme/404.php on line 6
[18-Jan-2019 09:55:38 UTC] PHP Fatal error:  Uncaught Error: Call to undefined function __e() in /app/public/wp-content/themes/mytheme/404.php:6
Stack trace:
#0 /app/public/wp-includes/template-loader.php(74): include()
#1 /app/public/wp-blog-header.php(19): require_once('/app/public/wp-...')
#2 /app/public/index.php(17): require('/app/public/wp-...')
#3 {main}
  thrown in /app/public/wp-content/themes/mytheme/404.php on line 6
[18-Jan-2019 09:55:40 UTC] PHP Fatal error:  Uncaught Error: Call to undefined function __e() in /app/public/wp-content/themes/mytheme/404.php:6
Stack trace:
#0 /app/public/wp-includes/template-loader.php(74): include()
#1 /app/public/wp-blog-header.php(19): require_once('/app/public/wp-...')
#2 /app/public/index.php(17): require('/app/public/wp-...')
#3 {main}
  thrown in /app/public/wp-content/themes/mytheme/404.php on line 6
[18-Jan-2019 09:55:40 UTC] PHP Fatal error:  Uncaught Error: Call to undefined function __e() in /app/public/wp-content/themes/mytheme/404.php:6
Stack trace:
#0 /app/public/wp-includes/template-loader.php(74): include()
#1 /app/public/wp-blog-header.php(19): require_once('/app/public/wp-...')
#2 /app/public/index.php(17): require('/app/public/wp-...')
#3 {main}
  thrown in /app/public/wp-content/themes/mytheme/404.php on line 6
[18-Jan-2019 09:55:40 UTC] PHP Fatal error:  Uncaught Error: Call to undefined function __e() in /app/public/wp-content/themes/mytheme/404.php:6
Stack trace:
#0 /app/public/wp-includes/template-loader.php(74): include()
#1 /app/public/wp-blog-header.php(19): require_once('/app/public/wp-...')
#2 /app/public/index.php(17): require('/app/public/wp-...')
#3 {main}
  thrown in /app/public/wp-content/themes/mytheme/404.php on line 6
[18-Jan-2019 09:55:42 UTC] PHP Fatal error:  Uncaught Error: Call to undefined function __e() in /app/public/wp-content/themes/mytheme/404.php:6
Stack trace:
#0 /app/public/wp-includes/template-loader.php(74): include()
#1 /app/public/wp-blog-header.php(19): require_once('/app/public/wp-...')
#2 /app/public/index.php(17): require('/app/public/wp-...')
#3 {main}
  thrown in /app/public/wp-content/themes/mytheme/404.php on line 6
[18-Jan-2019 09:55:42 UTC] PHP Fatal error:  Uncaught Error: Call to undefined function __e() in /app/public/wp-content/themes/mytheme/404.php:6
Stack trace:
#0 /app/public/wp-includes/template-loader.php(74): include()
#1 /app/public/wp-blog-header.php(19): require_once('/app/public/wp-...')
#2 /app/public/index.php(17): require('/app/public/wp-...')
#3 {main}
  thrown in /app/public/wp-content/themes/mytheme/404.php on line 6
[18-Jan-2019 09:55:42 UTC] PHP Fatal error:  Uncaught Error: Call to undefined function __e() in /app/public/wp-content/themes/mytheme/404.php:6
Stack trace:
#0 /app/public/wp-includes/template-loader.php(74): include()
#1 /app/public/wp-blog-header.php(19): require_once('/app/public/wp-...')
#2 /app/public/index.php(17): require('/app/public/wp-...')
#3 {main}
  thrown in /app/public/wp-content/themes/mytheme/404.php on line 6
[18-Jan-2019 10:09:53 UTC] PHP Fatal error:  Uncaught Error: Call to undefined function __e() in /app/public/wp-content/themes/mytheme/404.php:6
Stack trace:
#0 /app/public/wp-includes/template-loader.php(74): include()
#1 /app/public/wp-blog-header.php(19): require_once('/app/public/wp-...')
#2 /app/public/index.php(17): require('/app/public/wp-...')
#3 {main}
  thrown in /app/public/wp-content/themes/mytheme/404.php on line 6
[18-Jan-2019 10:09:53 UTC] PHP Fatal error:  Uncaught Error: Call to undefined function __e() in /app/public/wp-content/themes/mytheme/404.php:6
Stack trace:
#0 /app/public/wp-includes/template-loader.php(74): include()
#1 /app/public/wp-blog-header.php(19): require_once('/app/public/wp-...')
#2 /app/public/index.php(17): require('/app/public/wp-...')
#3 {main}
  thrown in /app/public/wp-content/themes/mytheme/404.php on line 6
[18-Jan-2019 10:09:53 UTC] PHP Fatal error:  Uncaught Error: Call to undefined function __e() in /app/public/wp-content/themes/mytheme/404.php:6
Stack trace:
#0 /app/public/wp-includes/template-loader.php(74): include()
#1 /app/public/wp-blog-header.php(19): require_once('/app/public/wp-...')
#2 /app/public/index.php(17): require('/app/public/wp-...')
#3 {main}
  thrown in /app/public/wp-content/themes/mytheme/404.php on line 6
[18-Jan-2019 10:10:06 UTC] PHP Fatal error:  Uncaught Error: Call to undefined function __e() in /app/public/wp-content/themes/mytheme/404.php:6
Stack trace:
#0 /app/public/wp-includes/template-loader.php(74): include()
#1 /app/public/wp-blog-header.php(19): require_once('/app/public/wp-...')
#2 /app/public/index.php(17): require('/app/public/wp-...')
#3 {main}
  thrown in /app/public/wp-content/themes/mytheme/404.php on line 6
[18-Jan-2019 10:10:06 UTC] PHP Fatal error:  Uncaught Error: Call to undefined function __e() in /app/public/wp-content/themes/mytheme/404.php:6
Stack trace:
#0 /app/public/wp-includes/template-loader.php(74): include()
#1 /app/public/wp-blog-header.php(19): require_once('/app/public/wp-...')
#2 /app/public/index.php(17): require('/app/public/wp-...')
#3 {main}
  thrown in /app/public/wp-content/themes/mytheme/404.php on line 6
[18-Jan-2019 10:10:06 UTC] PHP Fatal error:  Uncaught Error: Call to undefined function __e() in /app/public/wp-content/themes/mytheme/404.php:6
Stack trace:
#0 /app/public/wp-includes/template-loader.php(74): include()
#1 /app/public/wp-blog-header.php(19): require_once('/app/public/wp-...')
#2 /app/public/index.php(17): require('/app/public/wp-...')
#3 {main}
  thrown in /app/public/wp-content/themes/mytheme/404.php on line 6
[18-Jan-2019 10:10:26 UTC] PHP Fatal error:  Uncaught Error: Call to undefined function __e() in /app/public/wp-content/themes/mytheme/404.php:6
Stack trace:
#0 /app/public/wp-includes/template-loader.php(74): include()
#1 /app/public/wp-blog-header.php(19): require_once('/app/public/wp-...')
#2 /app/public/index.php(17): require('/app/public/wp-...')
#3 {main}
  thrown in /app/public/wp-content/themes/mytheme/404.php on line 6
[18-Jan-2019 10:10:26 UTC] PHP Fatal error:  Uncaught Error: Call to undefined function __e() in /app/public/wp-content/themes/mytheme/404.php:6
Stack trace:
#0 /app/public/wp-includes/template-loader.php(74): include()
#1 /app/public/wp-blog-header.php(19): require_once('/app/public/wp-...')
#2 /app/public/index.php(17): require('/app/public/wp-...')
#3 {main}
  thrown in /app/public/wp-content/themes/mytheme/404.php on line 6
[18-Jan-2019 10:10:27 UTC] PHP Fatal error:  Uncaught Error: Call to undefined function __e() in /app/public/wp-content/themes/mytheme/404.php:6
Stack trace:
#0 /app/public/wp-includes/template-loader.php(74): include()
#1 /app/public/wp-blog-header.php(19): require_once('/app/public/wp-...')
#2 /app/public/index.php(17): require('/app/public/wp-...')
#3 {main}
  thrown in /app/public/wp-content/themes/mytheme/404.php on line 6
[18-Jan-2019 10:10:33 UTC] PHP Fatal error:  Uncaught Error: Call to undefined function __e() in /app/public/wp-content/themes/mytheme/404.php:6
Stack trace:
#0 /app/public/wp-includes/template-loader.php(74): include()
#1 /app/public/wp-blog-header.php(19): require_once('/app/public/wp-...')
#2 /app/public/index.php(17): require('/app/public/wp-...')
#3 {main}
  thrown in /app/public/wp-content/themes/mytheme/404.php on line 6
[18-Jan-2019 10:10:33 UTC] PHP Fatal error:  Uncaught Error: Call to undefined function __e() in /app/public/wp-content/themes/mytheme/404.php:6
Stack trace:
#0 /app/public/wp-includes/template-loader.php(74): include()
#1 /app/public/wp-blog-header.php(19): require_once('/app/public/wp-...')
#2 /app/public/index.php(17): require('/app/public/wp-...')
#3 {main}
  thrown in /app/public/wp-content/themes/mytheme/404.php on line 6
[18-Jan-2019 10:10:33 UTC] PHP Fatal error:  Uncaught Error: Call to undefined function __e() in /app/public/wp-content/themes/mytheme/404.php:6
Stack trace:
#0 /app/public/wp-includes/template-loader.php(74): include()
#1 /app/public/wp-blog-header.php(19): require_once('/app/public/wp-...')
#2 /app/public/index.php(17): require('/app/public/wp-...')
#3 {main}
  thrown in /app/public/wp-content/themes/mytheme/404.php on line 6
[18-Jan-2019 10:10:35 UTC] PHP Fatal error:  Uncaught Error: Call to undefined function __e() in /app/public/wp-content/themes/mytheme/404.php:6
Stack trace:
#0 /app/public/wp-includes/template-loader.php(74): include()
#1 /app/public/wp-blog-header.php(19): require_once('/app/public/wp-...')
#2 /app/public/index.php(17): require('/app/public/wp-...')
#3 {main}
  thrown in /app/public/wp-content/themes/mytheme/404.php on line 6
[18-Jan-2019 10:10:35 UTC] PHP Fatal error:  Uncaught Error: Call to undefined function __e() in /app/public/wp-content/themes/mytheme/404.php:6
Stack trace:
#0 /app/public/wp-includes/template-loader.php(74): include()
#1 /app/public/wp-blog-header.php(19): require_once('/app/public/wp-...')
#2 /app/public/index.php(17): require('/app/public/wp-...')
#3 {main}
  thrown in /app/public/wp-content/themes/mytheme/404.php on line 6
[18-Jan-2019 10:10:35 UTC] PHP Fatal error:  Uncaught Error: Call to undefined function __e() in /app/public/wp-content/themes/mytheme/404.php:6
Stack trace:
#0 /app/public/wp-includes/template-loader.php(74): include()
#1 /app/public/wp-blog-header.php(19): require_once('/app/public/wp-...')
#2 /app/public/index.php(17): require('/app/public/wp-...')
#3 {main}
  thrown in /app/public/wp-content/themes/mytheme/404.php on line 6
[18-Jan-2019 10:10:47 UTC] PHP Fatal error:  Uncaught Error: Call to undefined function __e() in /app/public/wp-content/themes/mytheme/404.php:6
Stack trace:
#0 /app/public/wp-includes/template-loader.php(74): include()
#1 /app/public/wp-blog-header.php(19): require_once('/app/public/wp-...')
#2 /app/public/index.php(17): require('/app/public/wp-...')
#3 {main}
  thrown in /app/public/wp-content/themes/mytheme/404.php on line 6
[18-Jan-2019 10:10:47 UTC] PHP Fatal error:  Uncaught Error: Call to undefined function __e() in /app/public/wp-content/themes/mytheme/404.php:6
Stack trace:
#0 /app/public/wp-includes/template-loader.php(74): include()
#1 /app/public/wp-blog-header.php(19): require_once('/app/public/wp-...')
#2 /app/public/index.php(17): require('/app/public/wp-...')
#3 {main}
  thrown in /app/public/wp-content/themes/mytheme/404.php on line 6
[18-Jan-2019 10:10:47 UTC] PHP Fatal error:  Uncaught Error: Call to undefined function __e() in /app/public/wp-content/themes/mytheme/404.php:6
Stack trace:
#0 /app/public/wp-includes/template-loader.php(74): include()
#1 /app/public/wp-blog-header.php(19): require_once('/app/public/wp-...')
#2 /app/public/index.php(17): require('/app/public/wp-...')
#3 {main}
  thrown in /app/public/wp-content/themes/mytheme/404.php on line 6
[18-Jan-2019 10:10:47 UTC] PHP Fatal error:  Uncaught Error: Call to undefined function __e() in /app/public/wp-content/themes/mytheme/404.php:6
Stack trace:
#0 /app/public/wp-includes/template-loader.php(74): include()
#1 /app/public/wp-blog-header.php(19): require_once('/app/public/wp-...')
#2 /app/public/index.php(17): require('/app/public/wp-...')
#3 {main}
  thrown in /app/public/wp-content/themes/mytheme/404.php on line 6
[18-Jan-2019 10:11:01 UTC] PHP Fatal error:  Uncaught Error: Call to undefined function __e() in /app/public/wp-content/themes/mytheme/404.php:6
Stack trace:
#0 /app/public/wp-includes/template-loader.php(74): include()
#1 /app/public/wp-blog-header.php(19): require_once('/app/public/wp-...')
#2 /app/public/index.php(17): require('/app/public/wp-...')
#3 {main}
  thrown in /app/public/wp-content/themes/mytheme/404.php on line 6
[18-Jan-2019 10:11:01 UTC] PHP Fatal error:  Uncaught Error: Call to undefined function __e() in /app/public/wp-content/themes/mytheme/404.php:6
Stack trace:
#0 /app/public/wp-includes/template-loader.php(74): include()
#1 /app/public/wp-blog-header.php(19): require_once('/app/public/wp-...')
#2 /app/public/index.php(17): require('/app/public/wp-...')
#3 {main}
  thrown in /app/public/wp-content/themes/mytheme/404.php on line 6
[18-Jan-2019 10:11:01 UTC] PHP Fatal error:  Uncaught Error: Call to undefined function __e() in /app/public/wp-content/themes/mytheme/404.php:6
Stack trace:
#0 /app/public/wp-includes/template-loader.php(74): include()
#1 /app/public/wp-blog-header.php(19): require_once('/app/public/wp-...')
#2 /app/public/index.php(17): require('/app/public/wp-...')
#3 {main}
  thrown in /app/public/wp-content/themes/mytheme/404.php on line 6
[18-Jan-2019 10:11:02 UTC] PHP Fatal error:  Uncaught Error: Call to undefined function __e() in /app/public/wp-content/themes/mytheme/404.php:6
Stack trace:
#0 /app/public/wp-includes/template-loader.php(74): include()
#1 /app/public/wp-blog-header.php(19): require_once('/app/public/wp-...')
#2 /app/public/index.php(17): require('/app/public/wp-...')
#3 {main}
  thrown in /app/public/wp-content/themes/mytheme/404.php on line 6
[18-Jan-2019 10:11:04 UTC] PHP Fatal error:  Uncaught Error: Call to undefined function __e() in /app/public/wp-content/themes/mytheme/404.php:6
Stack trace:
#0 /app/public/wp-includes/template-loader.php(74): include()
#1 /app/public/wp-blog-header.php(19): require_once('/app/public/wp-...')
#2 /app/public/index.php(17): require('/app/public/wp-...')
#3 {main}
  thrown in /app/public/wp-content/themes/mytheme/404.php on line 6
[18-Jan-2019 10:11:04 UTC] PHP Fatal error:  Uncaught Error: Call to undefined function __e() in /app/public/wp-content/themes/mytheme/404.php:6
Stack trace:
#0 /app/public/wp-includes/template-loader.php(74): include()
#1 /app/public/wp-blog-header.php(19): require_once('/app/public/wp-...')
#2 /app/public/index.php(17): require('/app/public/wp-...')
#3 {main}
  thrown in /app/public/wp-content/themes/mytheme/404.php on line 6
[18-Jan-2019 10:11:04 UTC] PHP Fatal error:  Uncaught Error: Call to undefined function __e() in /app/public/wp-content/themes/mytheme/404.php:6
Stack trace:
#0 /app/public/wp-includes/template-loader.php(74): include()
#1 /app/public/wp-blog-header.php(19): require_once('/app/public/wp-...')
#2 /app/public/index.php(17): require('/app/public/wp-...')
#3 {main}
  thrown in /app/public/wp-content/themes/mytheme/404.php on line 6
[18-Jan-2019 10:11:05 UTC] PHP Fatal error:  Uncaught Error: Call to undefined function __e() in /app/public/wp-content/themes/mytheme/404.php:6
Stack trace:
#0 /app/public/wp-includes/template-loader.php(74): include()
#1 /app/public/wp-blog-header.php(19): require_once('/app/public/wp-...')
#2 /app/public/index.php(17): require('/app/public/wp-...')
#3 {main}
  thrown in /app/public/wp-content/themes/mytheme/404.php on line 6
[18-Jan-2019 10:11:27 UTC] PHP Fatal error:  Uncaught Error: Call to undefined function __e() in /app/public/wp-content/themes/mytheme/404.php:6
Stack trace:
#0 /app/public/wp-includes/template-loader.php(74): include()
#1 /app/public/wp-blog-header.php(19): require_once('/app/public/wp-...')
#2 /app/public/index.php(17): require('/app/public/wp-...')
#3 {main}
  thrown in /app/public/wp-content/themes/mytheme/404.php on line 6
[18-Jan-2019 10:11:28 UTC] PHP Fatal error:  Uncaught Error: Call to undefined function __e() in /app/public/wp-content/themes/mytheme/404.php:6
Stack trace:
#0 /app/public/wp-includes/template-loader.php(74): include()
#1 /app/public/wp-blog-header.php(19): require_once('/app/public/wp-...')
#2 /app/public/index.php(17): require('/app/public/wp-...')
#3 {main}
  thrown in /app/public/wp-content/themes/mytheme/404.php on line 6
[18-Jan-2019 10:11:28 UTC] PHP Fatal error:  Uncaught Error: Call to undefined function __e() in /app/public/wp-content/themes/mytheme/404.php:6
Stack trace:
#0 /app/public/wp-includes/template-loader.php(74): include()
#1 /app/public/wp-blog-header.php(19): require_once('/app/public/wp-...')
#2 /app/public/index.php(17): require('/app/public/wp-...')
#3 {main}
  thrown in /app/public/wp-content/themes/mytheme/404.php on line 6
[18-Jan-2019 10:11:28 UTC] PHP Fatal error:  Uncaught Error: Call to undefined function __e() in /app/public/wp-content/themes/mytheme/404.php:6
Stack trace:
#0 /app/public/wp-includes/template-loader.php(74): include()
#1 /app/public/wp-blog-header.php(19): require_once('/app/public/wp-...')
#2 /app/public/index.php(17): require('/app/public/wp-...')
#3 {main}
  thrown in /app/public/wp-content/themes/mytheme/404.php on line 6
[18-Jan-2019 10:11:30 UTC] PHP Fatal error:  Uncaught Error: Call to undefined function __e() in /app/public/wp-content/themes/mytheme/404.php:6
Stack trace:
#0 /app/public/wp-includes/template-loader.php(74): include()
#1 /app/public/wp-blog-header.php(19): require_once('/app/public/wp-...')
#2 /app/public/index.php(17): require('/app/public/wp-...')
#3 {main}
  thrown in /app/public/wp-content/themes/mytheme/404.php on line 6
[18-Jan-2019 10:11:31 UTC] PHP Fatal error:  Uncaught Error: Call to undefined function __e() in /app/public/wp-content/themes/mytheme/404.php:6
Stack trace:
#0 /app/public/wp-includes/template-loader.php(74): include()
#1 /app/public/wp-blog-header.php(19): require_once('/app/public/wp-...')
#2 /app/public/index.php(17): require('/app/public/wp-...')
#3 {main}
  thrown in /app/public/wp-content/themes/mytheme/404.php on line 6
[18-Jan-2019 10:11:31 UTC] PHP Fatal error:  Uncaught Error: Call to undefined function __e() in /app/public/wp-content/themes/mytheme/404.php:6
Stack trace:
#0 /app/public/wp-includes/template-loader.php(74): include()
#1 /app/public/wp-blog-header.php(19): require_once('/app/public/wp-...')
#2 /app/public/index.php(17): require('/app/public/wp-...')
#3 {main}
  thrown in /app/public/wp-content/themes/mytheme/404.php on line 6
[18-Jan-2019 10:11:31 UTC] PHP Fatal error:  Uncaught Error: Call to undefined function __e() in /app/public/wp-content/themes/mytheme/404.php:6
Stack trace:
#0 /app/public/wp-includes/template-loader.php(74): include()
#1 /app/public/wp-blog-header.php(19): require_once('/app/public/wp-...')
#2 /app/public/index.php(17): require('/app/public/wp-...')
#3 {main}
  thrown in /app/public/wp-content/themes/mytheme/404.php on line 6
[18-Jan-2019 10:11:44 UTC] PHP Fatal error:  Uncaught Error: Call to undefined function __e() in /app/public/wp-content/themes/mytheme/404.php:20
Stack trace:
#0 /app/public/wp-includes/template-loader.php(74): include()
#1 /app/public/wp-blog-header.php(19): require_once('/app/public/wp-...')
#2 /app/public/index.php(17): require('/app/public/wp-...')
#3 {main}
  thrown in /app/public/wp-content/themes/mytheme/404.php on line 20
[18-Jan-2019 10:11:44 UTC] PHP Fatal error:  Uncaught Error: Call to undefined function __e() in /app/public/wp-content/themes/mytheme/404.php:20
Stack trace:
#0 /app/public/wp-includes/template-loader.php(74): include()
#1 /app/public/wp-blog-header.php(19): require_once('/app/public/wp-...')
#2 /app/public/index.php(17): require('/app/public/wp-...')
#3 {main}
  thrown in /app/public/wp-content/themes/mytheme/404.php on line 20
[18-Jan-2019 10:11:44 UTC] PHP Fatal error:  Uncaught Error: Call to undefined function __e() in /app/public/wp-content/themes/mytheme/404.php:20
Stack trace:
#0 /app/public/wp-includes/template-loader.php(74): include()
#1 /app/public/wp-blog-header.php(19): require_once('/app/public/wp-...')
#2 /app/public/index.php(17): require('/app/public/wp-...')
#3 {main}
  thrown in /app/public/wp-content/themes/mytheme/404.php on line 20
[18-Jan-2019 10:11:45 UTC] PHP Fatal error:  Uncaught Error: Call to undefined function __e() in /app/public/wp-content/themes/mytheme/404.php:20
Stack trace:
#0 /app/public/wp-includes/template-loader.php(74): include()
#1 /app/public/wp-blog-header.php(19): require_once('/app/public/wp-...')
#2 /app/public/index.php(17): require('/app/public/wp-...')
#3 {main}
  thrown in /app/public/wp-content/themes/mytheme/404.php on line 20
[18-Jan-2019 10:12:43 UTC] PHP Fatal error:  Uncaught Error: Call to undefined function __e() in /app/public/wp-content/themes/mytheme/404.php:20
Stack trace:
#0 /app/public/wp-includes/template-loader.php(74): include()
#1 /app/public/wp-blog-header.php(19): require_once('/app/public/wp-...')
#2 /app/public/index.php(17): require('/app/public/wp-...')
#3 {main}
  thrown in /app/public/wp-content/themes/mytheme/404.php on line 20
[18-Jan-2019 10:12:43 UTC] PHP Fatal error:  Uncaught Error: Call to undefined function __e() in /app/public/wp-content/themes/mytheme/404.php:20
Stack trace:
#0 /app/public/wp-includes/template-loader.php(74): include()
#1 /app/public/wp-blog-header.php(19): require_once('/app/public/wp-...')
#2 /app/public/index.php(17): require('/app/public/wp-...')
#3 {main}
  thrown in /app/public/wp-content/themes/mytheme/404.php on line 20
[18-Jan-2019 10:12:43 UTC] PHP Fatal error:  Uncaught Error: Call to undefined function __e() in /app/public/wp-content/themes/mytheme/404.php:20
Stack trace:
#0 /app/public/wp-includes/template-loader.php(74): include()
#1 /app/public/wp-blog-header.php(19): require_once('/app/public/wp-...')
#2 /app/public/index.php(17): require('/app/public/wp-...')
#3 {main}
  thrown in /app/public/wp-content/themes/mytheme/404.php on line 20
[18-Jan-2019 10:12:43 UTC] PHP Fatal error:  Uncaught Error: Call to undefined function __e() in /app/public/wp-content/themes/mytheme/404.php:20
Stack trace:
#0 /app/public/wp-includes/template-loader.php(74): include()
#1 /app/public/wp-blog-header.php(19): require_once('/app/public/wp-...')
#2 /app/public/index.php(17): require('/app/public/wp-...')
#3 {main}
  thrown in /app/public/wp-content/themes/mytheme/404.php on line 20
[18-Jan-2019 10:21:02 UTC] PHP Parse error:  syntax error, unexpected 'endif' (T_ENDIF), expecting end of file in /app/public/wp-content/themes/mytheme/footer.php on line 19
[18-Jan-2019 10:21:03 UTC] PHP Parse error:  syntax error, unexpected 'endif' (T_ENDIF), expecting end of file in /app/public/wp-content/themes/mytheme/footer.php on line 19
[18-Jan-2019 10:21:03 UTC] PHP Parse error:  syntax error, unexpected 'endif' (T_ENDIF), expecting end of file in /app/public/wp-content/themes/mytheme/footer.php on line 19
[18-Jan-2019 10:21:03 UTC] PHP Parse error:  syntax error, unexpected 'endif' (T_ENDIF), expecting end of file in /app/public/wp-content/themes/mytheme/footer.php on line 19
[18-Jan-2019 10:23:10 UTC] PHP Parse error:  syntax error, unexpected ';', expecting ':' in /app/public/wp-content/themes/mytheme/footer.php on line 19
[18-Jan-2019 10:23:11 UTC] PHP Parse error:  syntax error, unexpected ';', expecting ':' in /app/public/wp-content/themes/mytheme/footer.php on line 19
[18-Jan-2019 10:23:11 UTC] PHP Parse error:  syntax error, unexpected ';', expecting ':' in /app/public/wp-content/themes/mytheme/footer.php on line 19
[18-Jan-2019 10:23:11 UTC] PHP Parse error:  syntax error, unexpected ';', expecting ':' in /app/public/wp-content/themes/mytheme/footer.php on line 19
[18-Jan-2019 10:23:59 UTC] PHP Parse error:  syntax error, unexpected ';', expecting ':' in /app/public/wp-content/themes/mytheme/footer.php on line 19
[18-Jan-2019 10:23:59 UTC] PHP Parse error:  syntax error, unexpected ';', expecting ':' in /app/public/wp-content/themes/mytheme/footer.php on line 19
[18-Jan-2019 10:23:59 UTC] PHP Parse error:  syntax error, unexpected ';', expecting ':' in /app/public/wp-content/themes/mytheme/footer.php on line 19
[18-Jan-2019 10:24:00 UTC] PHP Parse error:  syntax error, unexpected ';', expecting ':' in /app/public/wp-content/themes/mytheme/footer.php on line 19
[18-Jan-2019 10:24:37 UTC] PHP Parse error:  syntax error, unexpected ';', expecting ':' in /app/public/wp-content/themes/mytheme/footer.php on line 19
[18-Jan-2019 10:24:38 UTC] PHP Parse error:  syntax error, unexpected ';', expecting ':' in /app/public/wp-content/themes/mytheme/footer.php on line 19
[18-Jan-2019 10:24:38 UTC] PHP Parse error:  syntax error, unexpected ';', expecting ':' in /app/public/wp-content/themes/mytheme/footer.php on line 19
[18-Jan-2019 10:24:38 UTC] PHP Parse error:  syntax error, unexpected ';', expecting ':' in /app/public/wp-content/themes/mytheme/footer.php on line 19
[21-Jan-2019 09:21:33 UTC] PHP Fatal error:  Uncaught Error: Call to undefined function sdefine() in /app/public/wp-config.php:67
Stack trace:
#0 /app/public/wp-load.php(37): require_once()
#1 /app/public/wp-blog-header.php(13): require_once('/app/public/wp-...')
#2 /app/public/index.php(17): require('/app/public/wp-...')
#3 {main}
  thrown in /app/public/wp-config.php on line 67
[21-Jan-2019 09:21:34 UTC] PHP Fatal error:  Uncaught Error: Call to undefined function sdefine() in /app/public/wp-config.php:67
Stack trace:
#0 /app/public/wp-load.php(37): require_once()
#1 /app/public/wp-blog-header.php(13): require_once('/app/public/wp-...')
#2 /app/public/index.php(17): require('/app/public/wp-...')
#3 {main}
  thrown in /app/public/wp-config.php on line 67
[21-Jan-2019 09:28:40 UTC] PHP Warning:  mysqli_real_connect(): (HY000/2002): Connection refused in /app/public/wp-includes/wp-db.php on line 1531
[21-Jan-2019 09:28:40 UTC] PHP Stack trace:
[21-Jan-2019 09:28:40 UTC] PHP   1. {main}() /usr/local/bin/wp:0
[21-Jan-2019 09:28:40 UTC] PHP   2. include() /usr/local/bin/wp:4
[21-Jan-2019 09:28:40 UTC] PHP   3. include() phar:///usr/local/bin/wp/php/boot-phar.php:8
[21-Jan-2019 09:28:40 UTC] PHP   4. WP_CLI\bootstrap() phar:///usr/local/bin/wp/php/wp-cli.php:23
[21-Jan-2019 09:28:40 UTC] PHP   5. WP_CLI\Bootstrap\LaunchRunner->process() phar:///usr/local/bin/wp/php/bootstrap.php:75
[21-Jan-2019 09:28:40 UTC] PHP   6. WP_CLI\Runner->start() phar:///usr/local/bin/wp/php/WP_CLI/Bootstrap/LaunchRunner.php:23
[21-Jan-2019 09:28:40 UTC] PHP   7. WP_CLI\Runner->load_wordpress() phar:///usr/local/bin/wp/php/WP_CLI/Runner.php:1032
[21-Jan-2019 09:28:40 UTC] PHP   8. require() phar:///usr/local/bin/wp/php/WP_CLI/Runner.php:1105
[21-Jan-2019 09:28:40 UTC] PHP   9. require_wp_db() /app/public/wp-settings.php:106
[21-Jan-2019 09:28:40 UTC] PHP  10. wpdb->__construct() /app/public/wp-includes/load.php:409
[21-Jan-2019 09:28:40 UTC] PHP  11. wpdb->db_connect() /app/public/wp-includes/wp-db.php:592
[21-Jan-2019 09:28:40 UTC] PHP  12. mysqli_real_connect() /app/public/wp-includes/wp-db.php:1531
